<?xml version="1.0" encoding="UTF-8"?>
<testsuite xmlns:xsi="http://www.w3.org/2001/XMLSchema-instance" xsi:noNamespaceSchemaLocation="https://maven.apache.org/surefire/maven-surefire-plugin/xsd/surefire-test-report-3.0.xsd" version="3.0" name="TestSuite" time="238.302" tests="12" errors="0" skipped="0" failures="3">
  <properties>
[...]
</properties>
  <testcase name="runScenario[&quot;Check that Sign Up Scenario works successfully&quot;, &quot;All Tests&quot;](1)" classname="cuccumbersOptions.TestNGRunner" time="21.089">
    <system-out><![CDATA[
Scenario: Check that Sign Up Scenario works successfully                      # src/test/java/features/AllTests.feature:2
17:15:55.346 [main] DEBUG io.github.bonigarcia.wdm.WebDriverManager -- Using WebDriverManager 5.8.0
17:15:56.322 [main] DEBUG io.github.bonigarcia.wdm.cache.ResolutionCache -- Resolution chrome=126 in cache (valid until 17:47:12 27/06/2024 PDT)
17:15:56.324 [main] DEBUG io.github.bonigarcia.wdm.cache.ResolutionCache -- Resolution chrome126=126.0.6478.126 in cache (valid until 16:25:31 28/06/2024 PDT)
17:15:56.325 [main] INFO io.github.bonigarcia.wdm.WebDriverManager -- Using chromedriver 126.0.6478.126 (resolved driver for Chrome 126)
17:15:56.380 [main] DEBUG io.github.bonigarcia.wdm.WebDriverManager -- Driver chromedriver 126.0.6478.126 found in cache
17:15:56.388 [main] INFO io.github.bonigarcia.wdm.WebDriverManager -- Exporting webdriver.chrome.driver as C:\Users\Marcus\.cache\selenium\chromedriver\win64\126.0.6478.126\chromedriver.exe
  Given User visits home page to sign up                                      # stepDefinitions.AllTests.user_visits_on_the_homepage()
  When User clicks on Sign Up Button                                          # stepDefinitions.AllTests.user_clicks_on_sign_up_button()
  When User inputs name, email, password, confirm password and selects a role # stepDefinitions.AllTests.user_inputs_name_email_password_and_confirm_password()
  When User clicks submit sign up button                                      # stepDefinitions.AllTests.user_clicks_submit_sign_up_button()
  Then User receives a sign up success message                                # stepDefinitions.AllTests.user_receives_a_sign_up_success_message()
]]></system-out>
    <system-err><![CDATA[Jun 27, 2024 5:15:59 P.M. org.openqa.selenium.devtools.CdpVersionFinder findNearestMatch
WARNING: Unable to find an exact match for CDP version 126, returning the closest version; found: 125; Please update to a Selenium version that supports CDP version 126
]]></system-err>
  </testcase>
  <testcase name="runScenario[&quot;Admin approves a new user&quot;, &quot;All Tests&quot;](2)" classname="cuccumbersOptions.TestNGRunner" time="11.054">
    <system-out><![CDATA[
Scenario: Admin approves a new user                           # src/test/java/features/AllTests.feature:9
17:16:15.321 [main] DEBUG io.github.bonigarcia.wdm.WebDriverManager -- Using WebDriverManager 5.8.0
17:16:15.359 [main] DEBUG io.github.bonigarcia.wdm.cache.ResolutionCache -- Resolution chrome=126 in cache (valid until 17:47:12 27/06/2024 PDT)
17:16:15.360 [main] DEBUG io.github.bonigarcia.wdm.cache.ResolutionCache -- Resolution chrome126=126.0.6478.126 in cache (valid until 16:25:31 28/06/2024 PDT)
17:16:15.363 [main] INFO io.github.bonigarcia.wdm.WebDriverManager -- Using chromedriver 126.0.6478.126 (resolved driver for Chrome 126)
17:16:15.385 [main] DEBUG io.github.bonigarcia.wdm.WebDriverManager -- Driver chromedriver 126.0.6478.126 found in cache
17:16:15.387 [main] INFO io.github.bonigarcia.wdm.WebDriverManager -- Exporting webdriver.chrome.driver as C:\Users\Marcus\.cache\selenium\chromedriver\win64\126.0.6478.126\chromedriver.exe
  Given Admin visits home page to approve a user              # stepDefinitions.AllTests.admin_visits_home_page_to_approve_a_user()
  When Admin clicks on login button to approve a user         # stepDefinitions.AllTests.admin_clicks_on_login_button_to_approve_a_user()
  When Admin logins with email and password to approve a user # stepDefinitions.AllTests.admin_logins_with_email_and_password_to_approve_a_user()
  When Admin visits Admin Panel to approve a user             # stepDefinitions.AllTests.admin_visits_admin_panel_to_approve_a_user()
  When Admin clicks on New Accounts tab                       # stepDefinitions.AllTests.admin_clicks_on_new_accounts_tab()
Approve button is found and is clickable.
Exception occurred: Element should have been "select" but was "a"
Build info: version: '4.21.0', revision: '79ed462ef4'
System info: os.name: 'Windows 10', os.arch: 'amd64', os.version: '10.0', java.version: '21.0.2'
Driver info: driver.version: unknown
  Then Admin approves the first new user                      # stepDefinitions.AllTests.admin_approves_the_new_user()
]]></system-out>
    <system-err><![CDATA[Jun 27, 2024 5:16:17 P.M. org.openqa.selenium.devtools.CdpVersionFinder findNearestMatch
WARNING: Unable to find an exact match for CDP version 126, returning the closest version; found: 125; Please update to a Selenium version that supports CDP version 126
]]></system-err>
  </testcase>
  <testcase name="runScenario[&quot;User without account attempts to use encryption&quot;, &quot;All Tests&quot;](3)" classname="cuccumbersOptions.TestNGRunner" time="8.006">
    <system-out><![CDATA[
Scenario: User without account attempts to use encryption # src/test/java/features/AllTests.feature:17
17:16:26.375 [main] DEBUG io.github.bonigarcia.wdm.WebDriverManager -- Using WebDriverManager 5.8.0
17:16:26.413 [main] DEBUG io.github.bonigarcia.wdm.cache.ResolutionCache -- Resolution chrome=126 in cache (valid until 17:47:12 27/06/2024 PDT)
17:16:26.416 [main] DEBUG io.github.bonigarcia.wdm.cache.ResolutionCache -- Resolution chrome126=126.0.6478.126 in cache (valid until 16:25:31 28/06/2024 PDT)
17:16:26.417 [main] INFO io.github.bonigarcia.wdm.WebDriverManager -- Using chromedriver 126.0.6478.126 (resolved driver for Chrome 126)
17:16:26.442 [main] DEBUG io.github.bonigarcia.wdm.WebDriverManager -- Driver chromedriver 126.0.6478.126 found in cache
17:16:26.447 [main] INFO io.github.bonigarcia.wdm.WebDriverManager -- Exporting webdriver.chrome.driver as C:\Users\Marcus\.cache\selenium\chromedriver\win64\126.0.6478.126\chromedriver.exe
  Given User visits home page                             # stepDefinitions.AllTests.user_visits_homepage()
  When User selects encryption                            # stepDefinitions.AllTests.user_selects_encryption()
  Then Login popup appears                                # stepDefinitions.AllTests.login_popup_appears()
]]></system-out>
    <system-err><![CDATA[Jun 27, 2024 5:16:28 P.M. org.openqa.selenium.devtools.CdpVersionFinder findNearestMatch
WARNING: Unable to find an exact match for CDP version 126, returning the closest version; found: 125; Please update to a Selenium version that supports CDP version 126
]]></system-err>
  </testcase>
  <testcase name="runScenario[&quot;User without account attempts to use decryption&quot;, &quot;All Tests&quot;](4)" classname="cuccumbersOptions.TestNGRunner" time="4.991">
    <system-out><![CDATA[
Scenario: User without account attempts to use decryption # src/test/java/features/AllTests.feature:22
17:16:34.379 [main] DEBUG io.github.bonigarcia.wdm.WebDriverManager -- Using WebDriverManager 5.8.0
17:16:34.406 [main] DEBUG io.github.bonigarcia.wdm.cache.ResolutionCache -- Resolution chrome=126 in cache (valid until 17:47:12 27/06/2024 PDT)
17:16:34.423 [main] DEBUG io.github.bonigarcia.wdm.cache.ResolutionCache -- Resolution chrome126=126.0.6478.126 in cache (valid until 16:25:31 28/06/2024 PDT)
17:16:34.424 [main] INFO io.github.bonigarcia.wdm.WebDriverManager -- Using chromedriver 126.0.6478.126 (resolved driver for Chrome 126)
17:16:34.455 [main] DEBUG io.github.bonigarcia.wdm.WebDriverManager -- Driver chromedriver 126.0.6478.126 found in cache
17:16:34.456 [main] INFO io.github.bonigarcia.wdm.WebDriverManager -- Exporting webdriver.chrome.driver as C:\Users\Marcus\.cache\selenium\chromedriver\win64\126.0.6478.126\chromedriver.exe
  Given User visits home page                             # stepDefinitions.AllTests.user_visits_homepage()
  When User selects decryption                            # stepDefinitions.AllTests.user_selects_decryption()
  Then Login popup appears                                # stepDefinitions.AllTests.login_popup_appears()
]]></system-out>
    <system-err><![CDATA[Jun 27, 2024 5:16:36 P.M. org.openqa.selenium.devtools.CdpVersionFinder findNearestMatch
WARNING: Unable to find an exact match for CDP version 126, returning the closest version; found: 125; Please update to a Selenium version that supports CDP version 126
]]></system-err>
  </testcase>
  <testcase name="runScenario[&quot;User performs role change&quot;, &quot;All Tests&quot;](5)" classname="cuccumbersOptions.TestNGRunner" time="37.957">
    <system-out><![CDATA[
Scenario: User performs role change  # src/test/java/features/AllTests.feature:28
17:16:39.370 [main] DEBUG io.github.bonigarcia.wdm.WebDriverManager -- Using WebDriverManager 5.8.0
17:16:39.393 [main] DEBUG io.github.bonigarcia.wdm.cache.ResolutionCache -- Resolution chrome=126 in cache (valid until 17:47:12 27/06/2024 PDT)
17:16:39.394 [main] DEBUG io.github.bonigarcia.wdm.cache.ResolutionCache -- Resolution chrome126=126.0.6478.126 in cache (valid until 16:25:31 28/06/2024 PDT)
17:16:39.394 [main] INFO io.github.bonigarcia.wdm.WebDriverManager -- Using chromedriver 126.0.6478.126 (resolved driver for Chrome 126)
17:16:39.410 [main] DEBUG io.github.bonigarcia.wdm.WebDriverManager -- Driver chromedriver 126.0.6478.126 found in cache
17:16:39.411 [main] INFO io.github.bonigarcia.wdm.WebDriverManager -- Exporting webdriver.chrome.driver as C:\Users\Marcus\.cache\selenium\chromedriver\win64\126.0.6478.126\chromedriver.exe
  Given User visits home page        # stepDefinitions.AllTests.user_visits_homepage()
  When Employee logs in              # stepDefinitions.AllTests.employee_logs_in()
Admin module not present for user
  Then User cannot click admin panel # stepDefinitions.AllTests.user_cannot_click_admin_panel()
]]></system-out>
    <system-err><![CDATA[Jun 27, 2024 5:16:41 P.M. org.openqa.selenium.devtools.CdpVersionFinder findNearestMatch
WARNING: Unable to find an exact match for CDP version 126, returning the closest version; found: 125; Please update to a Selenium version that supports CDP version 126
]]></system-err>
  </testcase>
  <testcase name="runScenario[&quot;Admin performs role change&quot;, &quot;All Tests&quot;](6)" classname="cuccumbersOptions.TestNGRunner" time="38.739">
    <failure message="Expected condition failed: waiting for element to be clickable: By.cssSelector: #pr_id_5-table &gt; tbody:nth-child(2) &gt; tr:nth-child(3) &gt; td:nth-child(6) &gt; div:nth-child(1) &gt; button:nth-child(1) (tried for 30 second(s) with 500 milliseconds interval)&#10;Build info: version: &apos;4.21.0&apos;, revision: &apos;79ed462ef4&apos;&#10;System info: os.name: &apos;Windows 10&apos;, os.arch: &apos;amd64&apos;, os.version: &apos;10.0&apos;, java.version: &apos;21.0.2&apos;&#10;Driver info: org.openqa.selenium.chrome.ChromeDriver&#10;Capabilities {acceptInsecureCerts: false, browserName: chrome, browserVersion: 126.0.6478.127, chrome: {chromedriverVersion: 126.0.6478.126 (d36ace6122e..., userDataDir: C:\Users\Marcus\AppData\Loc...}, fedcm:accounts: true, goog:chromeOptions: {debuggerAddress: localhost:54350}, networkConnectionEnabled: false, pageLoadStrategy: normal, platformName: windows, proxy: Proxy(), se:cdp: ws://localhost:54350/devtoo..., se:cdpVersion: 126.0.6478.127, setWindowRect: true, strictFileInteractability: false, timeouts: {implicit: 0, pageLoad: 300000, script: 30000}, unhandledPromptBehavior: dismiss and notify, webauthn:extension:credBlob: true, webauthn:extension:largeBlob: true, webauthn:extension:minPinLength: true, webauthn:extension:prf: true, webauthn:virtualAuthenticators: true}&#10;Session ID: 0ec0f7ca26086e16e5c2fa844990678b" type="org.openqa.selenium.TimeoutException"><![CDATA[org.openqa.selenium.TimeoutException: 
Expected condition failed: waiting for element to be clickable: By.cssSelector: #pr_id_5-table > tbody:nth-child(2) > tr:nth-child(3) > td:nth-child(6) > div:nth-child(1) > button:nth-child(1) (tried for 30 second(s) with 500 milliseconds interval)
Build info: version: '4.21.0', revision: '79ed462ef4'
System info: os.name: 'Windows 10', os.arch: 'amd64', os.version: '10.0', java.version: '21.0.2'
Driver info: org.openqa.selenium.chrome.ChromeDriver
Capabilities {acceptInsecureCerts: false, browserName: chrome, browserVersion: 126.0.6478.127, chrome: {chromedriverVersion: 126.0.6478.126 (d36ace6122e..., userDataDir: C:\Users\Marcus\AppData\Loc...}, fedcm:accounts: true, goog:chromeOptions: {debuggerAddress: localhost:54350}, networkConnectionEnabled: false, pageLoadStrategy: normal, platformName: windows, proxy: Proxy(), se:cdp: ws://localhost:54350/devtoo..., se:cdpVersion: 126.0.6478.127, setWindowRect: true, strictFileInteractability: false, timeouts: {implicit: 0, pageLoad: 300000, script: 30000}, unhandledPromptBehavior: dismiss and notify, webauthn:extension:credBlob: true, webauthn:extension:largeBlob: true, webauthn:extension:minPinLength: true, webauthn:extension:prf: true, webauthn:virtualAuthenticators: true}
Session ID: 0ec0f7ca26086e16e5c2fa844990678b
	at org.openqa.selenium.support.ui.WebDriverWait.timeoutException(WebDriverWait.java:84)
	at org.openqa.selenium.support.ui.FluentWait.until(FluentWait.java:228)
	at stepDefinitions.AllTests.role_is_edited(AllTests.java:291)
	at ✽.Role is edited(file:///C:/Users/Marcus/Desktop/SUMMER%202024/SENG%20426/crypto-testing/src/test/java/features/AllTests.feature:37)
]]></failure>
    <system-out><![CDATA[
Scenario: Admin performs role change     # src/test/java/features/AllTests.feature:33
17:17:17.331 [main] DEBUG io.github.bonigarcia.wdm.WebDriverManager -- Using WebDriverManager 5.8.0
17:17:17.349 [main] DEBUG io.github.bonigarcia.wdm.cache.ResolutionCache -- Resolution chrome=126 in cache (valid until 17:47:12 27/06/2024 PDT)
17:17:17.352 [main] DEBUG io.github.bonigarcia.wdm.cache.ResolutionCache -- Resolution chrome126=126.0.6478.126 in cache (valid until 16:25:31 28/06/2024 PDT)
17:17:17.353 [main] INFO io.github.bonigarcia.wdm.WebDriverManager -- Using chromedriver 126.0.6478.126 (resolved driver for Chrome 126)
17:17:17.361 [main] DEBUG io.github.bonigarcia.wdm.WebDriverManager -- Driver chromedriver 126.0.6478.126 found in cache
17:17:17.362 [main] INFO io.github.bonigarcia.wdm.WebDriverManager -- Exporting webdriver.chrome.driver as C:\Users\Marcus\.cache\selenium\chromedriver\win64\126.0.6478.126\chromedriver.exe
  Given Admin visits home page to log in # stepDefinitions.AllTests.admin_visits_on_the_homepage()
  When Admin logs in                     # stepDefinitions.AllTests.admin_logs_in()
  When Admin goes to edit role           # stepDefinitions.AllTests.admin_goes_to_edit_role()
  Then Role is edited                    # stepDefinitions.AllTests.role_is_edited()
      org.openqa.selenium.TimeoutException: Expected condition failed: waiting for element to be clickable: By.cssSelector: #pr_id_5-table > tbody:nth-child(2) > tr:nth-child(3) > td:nth-child(6) > div:nth-child(1) > button:nth-child(1) (tried for 30 second(s) with 500 milliseconds interval)
Build info: version: '4.21.0', revision: '79ed462ef4'
System info: os.name: 'Windows 10', os.arch: 'amd64', os.version: '10.0', java.version: '21.0.2'
Driver info: org.openqa.selenium.chrome.ChromeDriver
Capabilities {acceptInsecureCerts: false, browserName: chrome, browserVersion: 126.0.6478.127, chrome: {chromedriverVersion: 126.0.6478.126 (d36ace6122e..., userDataDir: C:\Users\Marcus\AppData\Loc...}, fedcm:accounts: true, goog:chromeOptions: {debuggerAddress: localhost:54350}, networkConnectionEnabled: false, pageLoadStrategy: normal, platformName: windows, proxy: Proxy(), se:cdp: ws://localhost:54350/devtoo..., se:cdpVersion: 126.0.6478.127, setWindowRect: true, strictFileInteractability: false, timeouts: {implicit: 0, pageLoad: 300000, script: 30000}, unhandledPromptBehavior: dismiss and notify, webauthn:extension:credBlob: true, webauthn:extension:largeBlob: true, webauthn:extension:minPinLength: true, webauthn:extension:prf: true, webauthn:virtualAuthenticators: true}
Session ID: 0ec0f7ca26086e16e5c2fa844990678b
	at org.openqa.selenium.support.ui.WebDriverWait.timeoutException(WebDriverWait.java:84)
	at org.openqa.selenium.support.ui.FluentWait.until(FluentWait.java:228)
	at stepDefinitions.AllTests.role_is_edited(AllTests.java:291)
	at ✽.Role is edited(file:///C:/Users/Marcus/Desktop/SUMMER%202024/SENG%20426/crypto-testing/src/test/java/features/AllTests.feature:37)

]]></system-out>
    <system-err><![CDATA[Jun 27, 2024 5:17:18 P.M. org.openqa.selenium.devtools.CdpVersionFinder findNearestMatch
WARNING: Unable to find an exact match for CDP version 126, returning the closest version; found: 125; Please update to a Selenium version that supports CDP version 126
]]></system-err>
  </testcase>
  <testcase name="runScenario[&quot;User views admin-uploaded file&quot;, &quot;All Tests&quot;](7)" classname="cuccumbersOptions.TestNGRunner" time="36.696">
    <system-out><![CDATA[
Scenario: User views admin-uploaded file # src/test/java/features/AllTests.feature:39
17:17:56.066 [main] DEBUG io.github.bonigarcia.wdm.WebDriverManager -- Using WebDriverManager 5.8.0
17:17:56.086 [main] DEBUG io.github.bonigarcia.wdm.cache.ResolutionCache -- Resolution chrome=126 in cache (valid until 17:47:12 27/06/2024 PDT)
17:17:56.087 [main] DEBUG io.github.bonigarcia.wdm.cache.ResolutionCache -- Resolution chrome126=126.0.6478.126 in cache (valid until 16:25:31 28/06/2024 PDT)
17:17:56.087 [main] INFO io.github.bonigarcia.wdm.WebDriverManager -- Using chromedriver 126.0.6478.126 (resolved driver for Chrome 126)
17:17:56.106 [main] DEBUG io.github.bonigarcia.wdm.WebDriverManager -- Driver chromedriver 126.0.6478.126 found in cache
17:17:56.107 [main] INFO io.github.bonigarcia.wdm.WebDriverManager -- Exporting webdriver.chrome.driver as C:\Users\Marcus\.cache\selenium\chromedriver\win64\126.0.6478.126\chromedriver.exe
  Given User visits home page            # stepDefinitions.AllTests.user_visits_homepage()
  When User logs in                      # stepDefinitions.AllTests.user_logs_in()
Admin module not present for user
  Then User cannot click admin panel     # stepDefinitions.AllTests.user_cannot_click_admin_panel()
]]></system-out>
    <system-err><![CDATA[Jun 27, 2024 5:17:57 P.M. org.openqa.selenium.devtools.CdpVersionFinder findNearestMatch
WARNING: Unable to find an exact match for CDP version 126, returning the closest version; found: 125; Please update to a Selenium version that supports CDP version 126
]]></system-err>
  </testcase>
  <testcase name="runScenario[&quot;User encrypts file&quot;, &quot;All Tests&quot;](8)" classname="cuccumbersOptions.TestNGRunner" time="13.189">
    <system-out><![CDATA[
Scenario: User encrypts file              # src/test/java/features/AllTests.feature:44
17:18:32.763 [main] DEBUG io.github.bonigarcia.wdm.WebDriverManager -- Using WebDriverManager 5.8.0
17:18:32.778 [main] DEBUG io.github.bonigarcia.wdm.cache.ResolutionCache -- Resolution chrome=126 in cache (valid until 17:47:12 27/06/2024 PDT)
17:18:32.780 [main] DEBUG io.github.bonigarcia.wdm.cache.ResolutionCache -- Resolution chrome126=126.0.6478.126 in cache (valid until 16:25:31 28/06/2024 PDT)
17:18:32.780 [main] INFO io.github.bonigarcia.wdm.WebDriverManager -- Using chromedriver 126.0.6478.126 (resolved driver for Chrome 126)
17:18:32.793 [main] DEBUG io.github.bonigarcia.wdm.WebDriverManager -- Driver chromedriver 126.0.6478.126 found in cache
17:18:32.794 [main] INFO io.github.bonigarcia.wdm.WebDriverManager -- Exporting webdriver.chrome.driver as C:\Users\Marcus\.cache\selenium\chromedriver\win64\126.0.6478.126\chromedriver.exe
  Given User visits home page             # stepDefinitions.AllTests.user_visits_homepage()
  When Employee logs in                   # stepDefinitions.AllTests.employee_logs_in()
  When User selects encryption            # stepDefinitions.AllTests.user_selects_encryption()
  When User uploads unencrypted file      # stepDefinitions.AllTests.user_uploads_unencrypted_file()
  When User enters correct encryption key # stepDefinitions.AllTests.user_enters_correct_encryption_key()
  Then User can encrypt file              # stepDefinitions.AllTests.user_can_encrypt_file()
]]></system-out>
    <system-err><![CDATA[Jun 27, 2024 5:18:34 P.M. org.openqa.selenium.devtools.CdpVersionFinder findNearestMatch
WARNING: Unable to find an exact match for CDP version 126, returning the closest version; found: 125; Please update to a Selenium version that supports CDP version 126
]]></system-err>
  </testcase>
  <testcase name="runScenario[&quot;User decrypts file&quot;, &quot;All Tests&quot;](9)" classname="cuccumbersOptions.TestNGRunner" time="8.902">
    <failure message="The step &apos;User can decrypt file&apos; is undefined.&#10;You can implement this step using the snippet(s) below:&#10;&#10;@Then(&quot;User can decrypt file&quot;)&#10;public void user_can_decrypt_file() {&#10;    // Write code here that turns the phrase above into concrete actions&#10;    throw new io.cucumber.java.PendingException();&#10;}&#10;" type="io.cucumber.testng.UndefinedStepException"><![CDATA[io.cucumber.testng.UndefinedStepException: 
The step 'User can decrypt file' is undefined.
You can implement this step using the snippet(s) below:

@Then("User can decrypt file")
public void user_can_decrypt_file() {
    // Write code here that turns the phrase above into concrete actions
    throw new io.cucumber.java.PendingException();
}

	at io.cucumber.core.runtime.TestCaseResultObserver.assertTestCasePassed(TestCaseResultObserver.java:69)
	at io.cucumber.testng.TestCaseResultObserver.assertTestCasePassed(TestCaseResultObserver.java:23)
	at io.cucumber.testng.TestNGCucumberRunner.lambda$runScenario$1(TestNGCucumberRunner.java:133)
	at io.cucumber.core.runtime.CucumberExecutionContext.lambda$runTestCase$5(CucumberExecutionContext.java:136)
	at io.cucumber.core.runtime.RethrowingThrowableCollector.executeAndThrow(RethrowingThrowableCollector.java:23)
	at io.cucumber.core.runtime.CucumberExecutionContext.runTestCase(CucumberExecutionContext.java:136)
	at io.cucumber.testng.TestNGCucumberRunner.runScenario(TestNGCucumberRunner.java:129)
	at io.cucumber.testng.AbstractTestNGCucumberTests.runScenario(AbstractTestNGCucumberTests.java:35)
	at java.base/jdk.internal.reflect.DirectMethodHandleAccessor.invoke(DirectMethodHandleAccessor.java:103)
	at java.base/java.lang.reflect.Method.invoke(Method.java:580)
	at org.testng.internal.invokers.MethodInvocationHelper.invokeMethod(MethodInvocationHelper.java:141)
	at org.testng.internal.invokers.TestInvoker.invokeMethod(TestInvoker.java:686)
	at org.testng.internal.invokers.TestInvoker.invokeTestMethod(TestInvoker.java:230)
	at org.testng.internal.invokers.MethodRunner.runInSequence(MethodRunner.java:63)
	at org.testng.internal.invokers.TestInvoker$MethodInvocationAgent.invoke(TestInvoker.java:992)
	at org.testng.internal.invokers.TestInvoker.invokeTestMethods(TestInvoker.java:203)
	at org.testng.internal.invokers.TestMethodWorker.invokeTestMethods(TestMethodWorker.java:154)
	at org.testng.internal.invokers.TestMethodWorker.run(TestMethodWorker.java:134)
	at java.base/java.util.ArrayList.forEach(ArrayList.java:1596)
	at org.testng.TestRunner.privateRun(TestRunner.java:739)
	at org.testng.TestRunner.run(TestRunner.java:614)
	at org.testng.SuiteRunner.runTest(SuiteRunner.java:421)
	at org.testng.SuiteRunner.runSequentially(SuiteRunner.java:413)
	at org.testng.SuiteRunner.privateRun(SuiteRunner.java:373)
	at org.testng.SuiteRunner.run(SuiteRunner.java:312)
	at org.testng.SuiteRunnerWorker.runSuite(SuiteRunnerWorker.java:52)
	at org.testng.SuiteRunnerWorker.run(SuiteRunnerWorker.java:95)
	at org.testng.TestNG.runSuitesSequentially(TestNG.java:1274)
	at org.testng.TestNG.runSuitesLocally(TestNG.java:1208)
	at org.testng.TestNG.runSuites(TestNG.java:1112)
	at org.testng.TestNG.run(TestNG.java:1079)
	at org.apache.maven.surefire.testng.TestNGExecutor.run(TestNGExecutor.java:155)
	at org.apache.maven.surefire.testng.TestNGDirectoryTestSuite.executeMulti(TestNGDirectoryTestSuite.java:169)
	at org.apache.maven.surefire.testng.TestNGDirectoryTestSuite.execute(TestNGDirectoryTestSuite.java:88)
	at org.apache.maven.surefire.testng.TestNGProvider.invoke(TestNGProvider.java:137)
	at org.apache.maven.surefire.booter.ForkedBooter.runSuitesInProcess(ForkedBooter.java:385)
	at org.apache.maven.surefire.booter.ForkedBooter.execute(ForkedBooter.java:162)
	at org.apache.maven.surefire.booter.ForkedBooter.run(ForkedBooter.java:507)
	at org.apache.maven.surefire.booter.ForkedBooter.main(ForkedBooter.java:495)
]]></failure>
    <system-out><![CDATA[
Scenario: User decrypts file              # src/test/java/features/AllTests.feature:52
17:18:46.030 [main] DEBUG io.github.bonigarcia.wdm.WebDriverManager -- Using WebDriverManager 5.8.0
17:18:46.047 [main] DEBUG io.github.bonigarcia.wdm.cache.ResolutionCache -- Resolution chrome=126 in cache (valid until 17:47:12 27/06/2024 PDT)
17:18:46.048 [main] DEBUG io.github.bonigarcia.wdm.cache.ResolutionCache -- Resolution chrome126=126.0.6478.126 in cache (valid until 16:25:31 28/06/2024 PDT)
17:18:46.048 [main] INFO io.github.bonigarcia.wdm.WebDriverManager -- Using chromedriver 126.0.6478.126 (resolved driver for Chrome 126)
17:18:46.060 [main] DEBUG io.github.bonigarcia.wdm.WebDriverManager -- Driver chromedriver 126.0.6478.126 found in cache
17:18:46.061 [main] INFO io.github.bonigarcia.wdm.WebDriverManager -- Exporting webdriver.chrome.driver as C:\Users\Marcus\.cache\selenium\chromedriver\win64\126.0.6478.126\chromedriver.exe
  Given User visits home page             # stepDefinitions.AllTests.user_visits_homepage()
  When Employee logs in                   # stepDefinitions.AllTests.employee_logs_in()
  When User selects decryption            # stepDefinitions.AllTests.user_selects_decryption()
  When User uploads encrypted file        # stepDefinitions.AllTests.user_uploads_encrypted_file()
  When User enters correct decryption key # stepDefinitions.AllTests.user_enters_correct_decryption_key()
  Then User can decrypt file
]]></system-out>
    <system-err><![CDATA[Jun 27, 2024 5:18:47 P.M. org.openqa.selenium.devtools.CdpVersionFinder findNearestMatch
WARNING: Unable to find an exact match for CDP version 126, returning the closest version; found: 125; Please update to a Selenium version that supports CDP version 126
]]></system-err>
  </testcase>
  <testcase name="runScenario[&quot;User encrypts file with incorrect key&quot;, &quot;All Tests&quot;](10)" classname="cuccumbersOptions.TestNGRunner" time="9.176">
    <system-out><![CDATA[
Scenario: User encrypts file with incorrect key # src/test/java/features/AllTests.feature:60
17:18:54.873 [main] DEBUG io.github.bonigarcia.wdm.WebDriverManager -- Using WebDriverManager 5.8.0
17:18:54.924 [main] DEBUG io.github.bonigarcia.wdm.cache.ResolutionCache -- Resolution chrome=126 in cache (valid until 17:47:12 27/06/2024 PDT)
17:18:54.925 [main] DEBUG io.github.bonigarcia.wdm.cache.ResolutionCache -- Resolution chrome126=126.0.6478.126 in cache (valid until 16:25:31 28/06/2024 PDT)
17:18:54.926 [main] INFO io.github.bonigarcia.wdm.WebDriverManager -- Using chromedriver 126.0.6478.126 (resolved driver for Chrome 126)
17:18:54.961 [main] DEBUG io.github.bonigarcia.wdm.WebDriverManager -- Driver chromedriver 126.0.6478.126 found in cache
17:18:54.969 [main] INFO io.github.bonigarcia.wdm.WebDriverManager -- Exporting webdriver.chrome.driver as C:\Users\Marcus\.cache\selenium\chromedriver\win64\126.0.6478.126\chromedriver.exe
  Given User visits home page                   # stepDefinitions.AllTests.user_visits_homepage()
  When Employee logs in                         # stepDefinitions.AllTests.employee_logs_in()
  When User selects encryption                  # stepDefinitions.AllTests.user_selects_encryption()
  When User uploads unencrypted file            # stepDefinitions.AllTests.user_uploads_unencrypted_file()
  When User enters incorrect encryption key     # stepDefinitions.AllTests.user_enters_incorrect_encryption_key()
  Then User cannot encrypt file                 # stepDefinitions.AllTests.user_cannot_encrypt_file()
]]></system-out>
    <system-err><![CDATA[Jun 27, 2024 5:18:57 P.M. org.openqa.selenium.devtools.CdpVersionFinder findNearestMatch
WARNING: Unable to find an exact match for CDP version 126, returning the closest version; found: 125; Please update to a Selenium version that supports CDP version 126
]]></system-err>
  </testcase>
  <testcase name="runScenario[&quot;Admin views admin-uploaded file&quot;, &quot;All Tests&quot;](11)" classname="cuccumbersOptions.TestNGRunner" time="7.868">
    <system-out><![CDATA[
Scenario: Admin views admin-uploaded file    # src/test/java/features/AllTests.feature:68
17:19:04.091 [main] DEBUG io.github.bonigarcia.wdm.WebDriverManager -- Using WebDriverManager 5.8.0
17:19:04.106 [main] DEBUG io.github.bonigarcia.wdm.cache.ResolutionCache -- Resolution chrome=126 in cache (valid until 17:47:12 27/06/2024 PDT)
17:19:04.107 [main] DEBUG io.github.bonigarcia.wdm.cache.ResolutionCache -- Resolution chrome126=126.0.6478.126 in cache (valid until 16:25:31 28/06/2024 PDT)
17:19:04.107 [main] INFO io.github.bonigarcia.wdm.WebDriverManager -- Using chromedriver 126.0.6478.126 (resolved driver for Chrome 126)
17:19:04.124 [main] DEBUG io.github.bonigarcia.wdm.WebDriverManager -- Driver chromedriver 126.0.6478.126 found in cache
17:19:04.126 [main] INFO io.github.bonigarcia.wdm.WebDriverManager -- Exporting webdriver.chrome.driver as C:\Users\Marcus\.cache\selenium\chromedriver\win64\126.0.6478.126\chromedriver.exe
  Given Admin visits home page to log in     # stepDefinitions.AllTests.admin_visits_on_the_homepage()
  When Admin logs in                         # stepDefinitions.AllTests.admin_logs_in()
  When Admin panel Resources tab is selected # stepDefinitions.AllTests.admin_panel_resources_tab_is_selected()
  Then Admin-uploaded files are visible      # stepDefinitions.AllTests.admin_uploaded_files_are_visible()
]]></system-out>
    <system-err><![CDATA[Jun 27, 2024 5:19:05 P.M. org.openqa.selenium.devtools.CdpVersionFinder findNearestMatch
WARNING: Unable to find an exact match for CDP version 126, returning the closest version; found: 125; Please update to a Selenium version that supports CDP version 126
]]></system-err>
  </testcase>
  <testcase name="runScenario[&quot;Employee views admin-uploaded file&quot;, &quot;All Tests&quot;](12)" classname="cuccumbersOptions.TestNGRunner" time="36.873">
    <failure message="Expected condition failed: waiting for element to be clickable: By.cssSelector: div #collapsibleNavId ul li:nth-child(8) a (tried for 30 second(s) with 500 milliseconds interval)&#10;Build info: version: &apos;4.21.0&apos;, revision: &apos;79ed462ef4&apos;&#10;System info: os.name: &apos;Windows 10&apos;, os.arch: &apos;amd64&apos;, os.version: &apos;10.0&apos;, java.version: &apos;21.0.2&apos;&#10;Driver info: org.openqa.selenium.chrome.ChromeDriver&#10;Capabilities {acceptInsecureCerts: false, browserName: chrome, browserVersion: 126.0.6478.127, chrome: {chromedriverVersion: 126.0.6478.126 (d36ace6122e..., userDataDir: C:\Users\Marcus\AppData\Loc...}, fedcm:accounts: true, goog:chromeOptions: {debuggerAddress: localhost:55086}, networkConnectionEnabled: false, pageLoadStrategy: normal, platformName: windows, proxy: Proxy(), se:cdp: ws://localhost:55086/devtoo..., se:cdpVersion: 126.0.6478.127, setWindowRect: true, strictFileInteractability: false, timeouts: {implicit: 0, pageLoad: 300000, script: 30000}, unhandledPromptBehavior: dismiss and notify, webauthn:extension:credBlob: true, webauthn:extension:largeBlob: true, webauthn:extension:minPinLength: true, webauthn:extension:prf: true, webauthn:virtualAuthenticators: true}&#10;Session ID: a14a670562cd7523014c429e1a61066f" type="org.openqa.selenium.TimeoutException"><![CDATA[org.openqa.selenium.TimeoutException: 
Expected condition failed: waiting for element to be clickable: By.cssSelector: div #collapsibleNavId ul li:nth-child(8) a (tried for 30 second(s) with 500 milliseconds interval)
Build info: version: '4.21.0', revision: '79ed462ef4'
System info: os.name: 'Windows 10', os.arch: 'amd64', os.version: '10.0', java.version: '21.0.2'
Driver info: org.openqa.selenium.chrome.ChromeDriver
Capabilities {acceptInsecureCerts: false, browserName: chrome, browserVersion: 126.0.6478.127, chrome: {chromedriverVersion: 126.0.6478.126 (d36ace6122e..., userDataDir: C:\Users\Marcus\AppData\Loc...}, fedcm:accounts: true, goog:chromeOptions: {debuggerAddress: localhost:55086}, networkConnectionEnabled: false, pageLoadStrategy: normal, platformName: windows, proxy: Proxy(), se:cdp: ws://localhost:55086/devtoo..., se:cdpVersion: 126.0.6478.127, setWindowRect: true, strictFileInteractability: false, timeouts: {implicit: 0, pageLoad: 300000, script: 30000}, unhandledPromptBehavior: dismiss and notify, webauthn:extension:credBlob: true, webauthn:extension:largeBlob: true, webauthn:extension:minPinLength: true, webauthn:extension:prf: true, webauthn:virtualAuthenticators: true}
Session ID: a14a670562cd7523014c429e1a61066f
	at org.openqa.selenium.support.ui.WebDriverWait.timeoutException(WebDriverWait.java:84)
	at org.openqa.selenium.support.ui.FluentWait.until(FluentWait.java:228)
	at stepDefinitions.AllTests.admin_panel_resources_tab_is_selected(AllTests.java:351)
	at ✽.Admin panel Resources tab is selected(file:///C:/Users/Marcus/Desktop/SUMMER%202024/SENG%20426/crypto-testing/src/test/java/features/AllTests.feature:77)
]]></failure>
    <system-out><![CDATA[
Scenario: Employee views admin-uploaded file # src/test/java/features/AllTests.feature:74
17:19:11.953 [main] DEBUG io.github.bonigarcia.wdm.WebDriverManager -- Using WebDriverManager 5.8.0
17:19:11.971 [main] DEBUG io.github.bonigarcia.wdm.cache.ResolutionCache -- Resolution chrome=126 in cache (valid until 17:47:12 27/06/2024 PDT)
17:19:11.972 [main] DEBUG io.github.bonigarcia.wdm.cache.ResolutionCache -- Resolution chrome126=126.0.6478.126 in cache (valid until 16:25:31 28/06/2024 PDT)
17:19:11.972 [main] INFO io.github.bonigarcia.wdm.WebDriverManager -- Using chromedriver 126.0.6478.126 (resolved driver for Chrome 126)
17:19:11.984 [main] DEBUG io.github.bonigarcia.wdm.WebDriverManager -- Driver chromedriver 126.0.6478.126 found in cache
17:19:11.987 [main] INFO io.github.bonigarcia.wdm.WebDriverManager -- Exporting webdriver.chrome.driver as C:\Users\Marcus\.cache\selenium\chromedriver\win64\126.0.6478.126\chromedriver.exe
  Given User visits home page                # stepDefinitions.AllTests.user_visits_homepage()
  When Employee logs in                      # stepDefinitions.AllTests.employee_logs_in()
  When Admin panel Resources tab is selected # stepDefinitions.AllTests.admin_panel_resources_tab_is_selected()
      org.openqa.selenium.TimeoutException: Expected condition failed: waiting for element to be clickable: By.cssSelector: div #collapsibleNavId ul li:nth-child(8) a (tried for 30 second(s) with 500 milliseconds interval)
Build info: version: '4.21.0', revision: '79ed462ef4'
System info: os.name: 'Windows 10', os.arch: 'amd64', os.version: '10.0', java.version: '21.0.2'
Driver info: org.openqa.selenium.chrome.ChromeDriver
Capabilities {acceptInsecureCerts: false, browserName: chrome, browserVersion: 126.0.6478.127, chrome: {chromedriverVersion: 126.0.6478.126 (d36ace6122e..., userDataDir: C:\Users\Marcus\AppData\Loc...}, fedcm:accounts: true, goog:chromeOptions: {debuggerAddress: localhost:55086}, networkConnectionEnabled: false, pageLoadStrategy: normal, platformName: windows, proxy: Proxy(), se:cdp: ws://localhost:55086/devtoo..., se:cdpVersion: 126.0.6478.127, setWindowRect: true, strictFileInteractability: false, timeouts: {implicit: 0, pageLoad: 300000, script: 30000}, unhandledPromptBehavior: dismiss and notify, webauthn:extension:credBlob: true, webauthn:extension:largeBlob: true, webauthn:extension:minPinLength: true, webauthn:extension:prf: true, webauthn:virtualAuthenticators: true}
Session ID: a14a670562cd7523014c429e1a61066f
	at org.openqa.selenium.support.ui.WebDriverWait.timeoutException(WebDriverWait.java:84)
	at org.openqa.selenium.support.ui.FluentWait.until(FluentWait.java:228)
	at stepDefinitions.AllTests.admin_panel_resources_tab_is_selected(AllTests.java:351)
	at ✽.Admin panel Resources tab is selected(file:///C:/Users/Marcus/Desktop/SUMMER%202024/SENG%20426/crypto-testing/src/test/java/features/AllTests.feature:77)

  Then Admin-uploaded files are visible      # stepDefinitions.AllTests.admin_uploaded_files_are_visible()
]]></system-out>
    <system-err><![CDATA[Jun 27, 2024 5:19:13 P.M. org.openqa.selenium.devtools.CdpVersionFinder findNearestMatch
WARNING: Unable to find an exact match for CDP version 126, returning the closest version; found: 125; Please update to a Selenium version that supports CDP version 126
]]></system-err>
  </testcase>
</testsuite>