<?xml version="1.0" encoding="UTF-8"?>
<testsuite xmlns:xsi="http://www.w3.org/2001/XMLSchema-instance" xsi:noNamespaceSchemaLocation="https://maven.apache.org/surefire/maven-surefire-plugin/xsd/surefire-test-report-3.0.xsd" version="3.0" name="TestSuite" time="173.757" tests="9" errors="0" skipped="0" failures="3">
  <properties>
[...]
</properties>
  <testcase name="runScenario[&quot;Check that Sign Up Scenario works successfully&quot;, &quot;All Tests&quot;](1)" classname="cuccumbersOptions.TestNGRunner" time="7.784">
    <system-out><![CDATA[
Scenario: Check that Sign Up Scenario works successfully                      # src/test/java/features/AllTests.feature:2
14:06:16.887 [main] DEBUG io.github.bonigarcia.wdm.WebDriverManager -- Using WebDriverManager 5.8.0
14:06:17.668 [main] DEBUG io.github.bonigarcia.wdm.cache.ResolutionCache -- Resolution chrome=126 in cache (valid until 14:08:45 27/06/2024 PDT)
14:06:17.670 [main] DEBUG io.github.bonigarcia.wdm.cache.ResolutionCache -- Resolution chrome126=126.0.6478.126 in cache (valid until 16:22:49 27/06/2024 PDT)
14:06:17.671 [main] INFO io.github.bonigarcia.wdm.WebDriverManager -- Using chromedriver 126.0.6478.126 (resolved driver for Chrome 126)
14:06:17.723 [main] DEBUG io.github.bonigarcia.wdm.WebDriverManager -- Driver chromedriver 126.0.6478.126 found in cache
14:06:17.724 [main] INFO io.github.bonigarcia.wdm.WebDriverManager -- Exporting webdriver.chrome.driver as C:\Users\Marcus\.cache\selenium\chromedriver\win64\126.0.6478.126\chromedriver.exe
  Given User visits home page to sign up                                      # stepDefinitions.AllTests.user_visits_on_the_homepage()
  When User clicks on Sign Up Button                                          # stepDefinitions.AllTests.user_clicks_on_sign_up_button()
  When User inputs name, email, password, confirm password and selects a role # stepDefinitions.AllTests.user_inputs_name_email_password_and_confirm_password()
  When User clicks submit sign up button                                      # stepDefinitions.AllTests.user_clicks_submit_sign_up_button()
  Then User receives a sign up success message                                # stepDefinitions.AllTests.user_receives_a_sign_up_success_message()
]]></system-out>
    <system-err><![CDATA[Jun 27, 2024 2:06:19 P.M. org.openqa.selenium.devtools.CdpVersionFinder findNearestMatch
WARNING: Unable to find an exact match for CDP version 126, returning the closest version; found: 125; Please update to a Selenium version that supports CDP version 126
]]></system-err>
  </testcase>
  <testcase name="runScenario[&quot;Admin approves a new user&quot;, &quot;All Tests&quot;](2)" classname="cuccumbersOptions.TestNGRunner" time="6.314">
    <failure message="expected [alfred.grimes@hotmail.com] but found [lane.lemke@hotmail.com]" type="java.lang.AssertionError"><![CDATA[java.lang.AssertionError: expected [alfred.grimes@hotmail.com] but found [lane.lemke@hotmail.com]
	at org.testng.Assert.fail(Assert.java:111)
	at org.testng.Assert.failNotEquals(Assert.java:1578)
	at org.testng.Assert.assertEqualsImpl(Assert.java:150)
	at org.testng.Assert.assertEquals(Assert.java:132)
	at org.testng.Assert.assertEquals(Assert.java:656)
	at org.testng.Assert.assertEquals(Assert.java:666)
	at stepDefinitions.AllTests.admin_approves_the_new_user(AllTests.java:176)
	at ✽.Admin approves the first new user(file:///C:/Users/Marcus/Desktop/SUMMER%202024/SENG%20426/crypto-testing/src/test/java/features/AllTests.feature:15)
]]></failure>
    <system-out><![CDATA[
Scenario: Admin approves a new user                           # src/test/java/features/AllTests.feature:9
14:06:24.023 [main] DEBUG io.github.bonigarcia.wdm.WebDriverManager -- Using WebDriverManager 5.8.0
14:06:24.055 [main] DEBUG io.github.bonigarcia.wdm.cache.ResolutionCache -- Resolution chrome=126 in cache (valid until 14:08:45 27/06/2024 PDT)
14:06:24.056 [main] DEBUG io.github.bonigarcia.wdm.cache.ResolutionCache -- Resolution chrome126=126.0.6478.126 in cache (valid until 16:22:49 27/06/2024 PDT)
14:06:24.056 [main] INFO io.github.bonigarcia.wdm.WebDriverManager -- Using chromedriver 126.0.6478.126 (resolved driver for Chrome 126)
14:06:24.071 [main] DEBUG io.github.bonigarcia.wdm.WebDriverManager -- Driver chromedriver 126.0.6478.126 found in cache
14:06:24.072 [main] INFO io.github.bonigarcia.wdm.WebDriverManager -- Exporting webdriver.chrome.driver as C:\Users\Marcus\.cache\selenium\chromedriver\win64\126.0.6478.126\chromedriver.exe
  Given Admin visits home page to approve a user              # stepDefinitions.AllTests.admin_visits_home_page_to_approve_a_user()
  When Admin clicks on login button to approve a user         # stepDefinitions.AllTests.admin_clicks_on_login_button_to_approve_a_user()
  When Admin logins with email and password to approve a user # stepDefinitions.AllTests.admin_logins_with_email_and_password_to_approve_a_user()
  When Admin visits Admin Panel to approve a user             # stepDefinitions.AllTests.admin_visits_admin_panel_to_approve_a_user()
  When Admin clicks on New Accounts tab                       # stepDefinitions.AllTests.admin_clicks_on_new_accounts_tab()
  Then Admin approves the first new user                      # stepDefinitions.AllTests.admin_approves_the_new_user()
      java.lang.AssertionError: expected [alfred.grimes@hotmail.com] but found [lane.lemke@hotmail.com]
	at org.testng.Assert.fail(Assert.java:111)
	at org.testng.Assert.failNotEquals(Assert.java:1578)
	at org.testng.Assert.assertEqualsImpl(Assert.java:150)
	at org.testng.Assert.assertEquals(Assert.java:132)
	at org.testng.Assert.assertEquals(Assert.java:656)
	at org.testng.Assert.assertEquals(Assert.java:666)
	at stepDefinitions.AllTests.admin_approves_the_new_user(AllTests.java:176)
	at ✽.Admin approves the first new user(file:///C:/Users/Marcus/Desktop/SUMMER%202024/SENG%20426/crypto-testing/src/test/java/features/AllTests.feature:15)

]]></system-out>
    <system-err><![CDATA[Jun 27, 2024 2:06:25 P.M. org.openqa.selenium.devtools.CdpVersionFinder findNearestMatch
WARNING: Unable to find an exact match for CDP version 126, returning the closest version; found: 125; Please update to a Selenium version that supports CDP version 126
]]></system-err>
  </testcase>
  <testcase name="runScenario[&quot;User without account attempts to use encryption&quot;, &quot;All Tests&quot;](3)" classname="cuccumbersOptions.TestNGRunner" time="3.658">
    <system-out><![CDATA[
Scenario: User without account attempts to use encryption # src/test/java/features/AllTests.feature:17
14:06:30.359 [main] DEBUG io.github.bonigarcia.wdm.WebDriverManager -- Using WebDriverManager 5.8.0
14:06:30.387 [main] DEBUG io.github.bonigarcia.wdm.cache.ResolutionCache -- Resolution chrome=126 in cache (valid until 14:08:45 27/06/2024 PDT)
14:06:30.388 [main] DEBUG io.github.bonigarcia.wdm.cache.ResolutionCache -- Resolution chrome126=126.0.6478.126 in cache (valid until 16:22:49 27/06/2024 PDT)
14:06:30.388 [main] INFO io.github.bonigarcia.wdm.WebDriverManager -- Using chromedriver 126.0.6478.126 (resolved driver for Chrome 126)
14:06:30.402 [main] DEBUG io.github.bonigarcia.wdm.WebDriverManager -- Driver chromedriver 126.0.6478.126 found in cache
14:06:30.404 [main] INFO io.github.bonigarcia.wdm.WebDriverManager -- Exporting webdriver.chrome.driver as C:\Users\Marcus\.cache\selenium\chromedriver\win64\126.0.6478.126\chromedriver.exe
  Given User visits home page                             # stepDefinitions.AllTests.user_visits_homepage()
  When User selects encryption                            # stepDefinitions.AllTests.user_selects_encryption()
  Then Login popup appears                                # stepDefinitions.AllTests.login_popup_appears()
]]></system-out>
    <system-err><![CDATA[Jun 27, 2024 2:06:31 P.M. org.openqa.selenium.devtools.CdpVersionFinder findNearestMatch
WARNING: Unable to find an exact match for CDP version 126, returning the closest version; found: 125; Please update to a Selenium version that supports CDP version 126
]]></system-err>
  </testcase>
  <testcase name="runScenario[&quot;User without account attempts to use decryption&quot;, &quot;All Tests&quot;](4)" classname="cuccumbersOptions.TestNGRunner" time="3.554">
    <system-out><![CDATA[
Scenario: User without account attempts to use decryption # src/test/java/features/AllTests.feature:22
14:06:34.016 [main] DEBUG io.github.bonigarcia.wdm.WebDriverManager -- Using WebDriverManager 5.8.0
14:06:34.046 [main] DEBUG io.github.bonigarcia.wdm.cache.ResolutionCache -- Resolution chrome=126 in cache (valid until 14:08:45 27/06/2024 PDT)
14:06:34.047 [main] DEBUG io.github.bonigarcia.wdm.cache.ResolutionCache -- Resolution chrome126=126.0.6478.126 in cache (valid until 16:22:49 27/06/2024 PDT)
14:06:34.049 [main] INFO io.github.bonigarcia.wdm.WebDriverManager -- Using chromedriver 126.0.6478.126 (resolved driver for Chrome 126)
14:06:34.070 [main] DEBUG io.github.bonigarcia.wdm.WebDriverManager -- Driver chromedriver 126.0.6478.126 found in cache
14:06:34.074 [main] INFO io.github.bonigarcia.wdm.WebDriverManager -- Exporting webdriver.chrome.driver as C:\Users\Marcus\.cache\selenium\chromedriver\win64\126.0.6478.126\chromedriver.exe
  Given User visits home page                             # stepDefinitions.AllTests.user_visits_homepage()
  When User selects decryption                            # stepDefinitions.AllTests.user_selects_decryption()
  Then Login popup appears                                # stepDefinitions.AllTests.login_popup_appears()
]]></system-out>
    <system-err><![CDATA[Jun 27, 2024 2:06:35 P.M. org.openqa.selenium.devtools.CdpVersionFinder findNearestMatch
WARNING: Unable to find an exact match for CDP version 126, returning the closest version; found: 125; Please update to a Selenium version that supports CDP version 126
]]></system-err>
  </testcase>
  <testcase name="runScenario[&quot;User performs role change&quot;, &quot;All Tests&quot;](5)" classname="cuccumbersOptions.TestNGRunner" time="35.153">
    <system-out><![CDATA[
Scenario: User performs role change  # src/test/java/features/AllTests.feature:28
14:06:37.577 [main] DEBUG io.github.bonigarcia.wdm.WebDriverManager -- Using WebDriverManager 5.8.0
14:06:37.598 [main] DEBUG io.github.bonigarcia.wdm.cache.ResolutionCache -- Resolution chrome=126 in cache (valid until 14:08:45 27/06/2024 PDT)
14:06:37.600 [main] DEBUG io.github.bonigarcia.wdm.cache.ResolutionCache -- Resolution chrome126=126.0.6478.126 in cache (valid until 16:22:49 27/06/2024 PDT)
14:06:37.600 [main] INFO io.github.bonigarcia.wdm.WebDriverManager -- Using chromedriver 126.0.6478.126 (resolved driver for Chrome 126)
14:06:37.614 [main] DEBUG io.github.bonigarcia.wdm.WebDriverManager -- Driver chromedriver 126.0.6478.126 found in cache
14:06:37.615 [main] INFO io.github.bonigarcia.wdm.WebDriverManager -- Exporting webdriver.chrome.driver as C:\Users\Marcus\.cache\selenium\chromedriver\win64\126.0.6478.126\chromedriver.exe
  Given User visits home page        # stepDefinitions.AllTests.user_visits_homepage()
  When Employee logs in              # stepDefinitions.AllTests.employee_logs_in()
Admin module not present for user
  Then User cannot click admin panel # stepDefinitions.AllTests.user_cannot_click_admin_panel()
]]></system-out>
    <system-err><![CDATA[Jun 27, 2024 2:06:39 P.M. org.openqa.selenium.devtools.CdpVersionFinder findNearestMatch
WARNING: Unable to find an exact match for CDP version 126, returning the closest version; found: 125; Please update to a Selenium version that supports CDP version 126
]]></system-err>
  </testcase>
  <testcase name="runScenario[&quot;Admin performs role change&quot;, &quot;All Tests&quot;](6)" classname="cuccumbersOptions.TestNGRunner" time="36.383">
    <failure message="Expected condition failed: waiting for element to be clickable: By.cssSelector: #pr_id_5-table &gt; tbody:nth-child(2) &gt; tr:nth-child(3) &gt; td:nth-child(6) &gt; div:nth-child(1) &gt; button:nth-child(1) (tried for 30 second(s) with 500 milliseconds interval)&#10;Build info: version: &apos;4.21.0&apos;, revision: &apos;79ed462ef4&apos;&#10;System info: os.name: &apos;Windows 10&apos;, os.arch: &apos;amd64&apos;, os.version: &apos;10.0&apos;, java.version: &apos;21.0.2&apos;&#10;Driver info: org.openqa.selenium.chrome.ChromeDriver&#10;Capabilities {acceptInsecureCerts: false, browserName: chrome, browserVersion: 126.0.6478.127, chrome: {chromedriverVersion: 126.0.6478.126 (d36ace6122e..., userDataDir: C:\Users\Marcus\AppData\Loc...}, fedcm:accounts: true, goog:chromeOptions: {debuggerAddress: localhost:53714}, networkConnectionEnabled: false, pageLoadStrategy: normal, platformName: windows, proxy: Proxy(), se:cdp: ws://localhost:53714/devtoo..., se:cdpVersion: 126.0.6478.127, setWindowRect: true, strictFileInteractability: false, timeouts: {implicit: 0, pageLoad: 300000, script: 30000}, unhandledPromptBehavior: dismiss and notify, webauthn:extension:credBlob: true, webauthn:extension:largeBlob: true, webauthn:extension:minPinLength: true, webauthn:extension:prf: true, webauthn:virtualAuthenticators: true}&#10;Session ID: e4535181c61376213a62dd88750ca4bf" type="org.openqa.selenium.TimeoutException"><![CDATA[org.openqa.selenium.TimeoutException: 
Expected condition failed: waiting for element to be clickable: By.cssSelector: #pr_id_5-table > tbody:nth-child(2) > tr:nth-child(3) > td:nth-child(6) > div:nth-child(1) > button:nth-child(1) (tried for 30 second(s) with 500 milliseconds interval)
Build info: version: '4.21.0', revision: '79ed462ef4'
System info: os.name: 'Windows 10', os.arch: 'amd64', os.version: '10.0', java.version: '21.0.2'
Driver info: org.openqa.selenium.chrome.ChromeDriver
Capabilities {acceptInsecureCerts: false, browserName: chrome, browserVersion: 126.0.6478.127, chrome: {chromedriverVersion: 126.0.6478.126 (d36ace6122e..., userDataDir: C:\Users\Marcus\AppData\Loc...}, fedcm:accounts: true, goog:chromeOptions: {debuggerAddress: localhost:53714}, networkConnectionEnabled: false, pageLoadStrategy: normal, platformName: windows, proxy: Proxy(), se:cdp: ws://localhost:53714/devtoo..., se:cdpVersion: 126.0.6478.127, setWindowRect: true, strictFileInteractability: false, timeouts: {implicit: 0, pageLoad: 300000, script: 30000}, unhandledPromptBehavior: dismiss and notify, webauthn:extension:credBlob: true, webauthn:extension:largeBlob: true, webauthn:extension:minPinLength: true, webauthn:extension:prf: true, webauthn:virtualAuthenticators: true}
Session ID: e4535181c61376213a62dd88750ca4bf
	at org.openqa.selenium.support.ui.WebDriverWait.timeoutException(WebDriverWait.java:84)
	at org.openqa.selenium.support.ui.FluentWait.until(FluentWait.java:228)
	at stepDefinitions.AllTests.role_is_edited(AllTests.java:287)
	at ✽.Role is edited(file:///C:/Users/Marcus/Desktop/SUMMER%202024/SENG%20426/crypto-testing/src/test/java/features/AllTests.feature:37)
]]></failure>
    <system-out><![CDATA[
Scenario: Admin performs role change     # src/test/java/features/AllTests.feature:33
14:07:12.728 [main] DEBUG io.github.bonigarcia.wdm.WebDriverManager -- Using WebDriverManager 5.8.0
14:07:12.745 [main] DEBUG io.github.bonigarcia.wdm.cache.ResolutionCache -- Resolution chrome=126 in cache (valid until 14:08:45 27/06/2024 PDT)
14:07:12.746 [main] DEBUG io.github.bonigarcia.wdm.cache.ResolutionCache -- Resolution chrome126=126.0.6478.126 in cache (valid until 16:22:49 27/06/2024 PDT)
14:07:12.746 [main] INFO io.github.bonigarcia.wdm.WebDriverManager -- Using chromedriver 126.0.6478.126 (resolved driver for Chrome 126)
14:07:12.758 [main] DEBUG io.github.bonigarcia.wdm.WebDriverManager -- Driver chromedriver 126.0.6478.126 found in cache
14:07:12.759 [main] INFO io.github.bonigarcia.wdm.WebDriverManager -- Exporting webdriver.chrome.driver as C:\Users\Marcus\.cache\selenium\chromedriver\win64\126.0.6478.126\chromedriver.exe
  Given Admin visits home page to log in # stepDefinitions.AllTests.admin_visits_on_the_homepage()
  When Admin logs in                     # stepDefinitions.AllTests.admin_logs_in()
  When Admin goes to edit role           # stepDefinitions.AllTests.admin_goes_to_edit_role()
  Then Role is edited                    # stepDefinitions.AllTests.role_is_edited()
      org.openqa.selenium.TimeoutException: Expected condition failed: waiting for element to be clickable: By.cssSelector: #pr_id_5-table > tbody:nth-child(2) > tr:nth-child(3) > td:nth-child(6) > div:nth-child(1) > button:nth-child(1) (tried for 30 second(s) with 500 milliseconds interval)
Build info: version: '4.21.0', revision: '79ed462ef4'
System info: os.name: 'Windows 10', os.arch: 'amd64', os.version: '10.0', java.version: '21.0.2'
Driver info: org.openqa.selenium.chrome.ChromeDriver
Capabilities {acceptInsecureCerts: false, browserName: chrome, browserVersion: 126.0.6478.127, chrome: {chromedriverVersion: 126.0.6478.126 (d36ace6122e..., userDataDir: C:\Users\Marcus\AppData\Loc...}, fedcm:accounts: true, goog:chromeOptions: {debuggerAddress: localhost:53714}, networkConnectionEnabled: false, pageLoadStrategy: normal, platformName: windows, proxy: Proxy(), se:cdp: ws://localhost:53714/devtoo..., se:cdpVersion: 126.0.6478.127, setWindowRect: true, strictFileInteractability: false, timeouts: {implicit: 0, pageLoad: 300000, script: 30000}, unhandledPromptBehavior: dismiss and notify, webauthn:extension:credBlob: true, webauthn:extension:largeBlob: true, webauthn:extension:minPinLength: true, webauthn:extension:prf: true, webauthn:virtualAuthenticators: true}
Session ID: e4535181c61376213a62dd88750ca4bf
	at org.openqa.selenium.support.ui.WebDriverWait.timeoutException(WebDriverWait.java:84)
	at org.openqa.selenium.support.ui.FluentWait.until(FluentWait.java:228)
	at stepDefinitions.AllTests.role_is_edited(AllTests.java:287)
	at ✽.Role is edited(file:///C:/Users/Marcus/Desktop/SUMMER%202024/SENG%20426/crypto-testing/src/test/java/features/AllTests.feature:37)

]]></system-out>
    <system-err><![CDATA[Jun 27, 2024 2:07:14 P.M. org.openqa.selenium.devtools.CdpVersionFinder findNearestMatch
WARNING: Unable to find an exact match for CDP version 126, returning the closest version; found: 125; Please update to a Selenium version that supports CDP version 126
]]></system-err>
  </testcase>
  <testcase name="runScenario[&quot;User views admin-uploaded file&quot;, &quot;All Tests&quot;](7)" classname="cuccumbersOptions.TestNGRunner" time="35.41">
    <system-out><![CDATA[
Scenario: User views admin-uploaded file # src/test/java/features/AllTests.feature:39
14:07:49.179 [main] DEBUG io.github.bonigarcia.wdm.WebDriverManager -- Using WebDriverManager 5.8.0
14:07:49.199 [main] DEBUG io.github.bonigarcia.wdm.cache.ResolutionCache -- Resolution chrome=126 in cache (valid until 14:08:45 27/06/2024 PDT)
14:07:49.200 [main] DEBUG io.github.bonigarcia.wdm.cache.ResolutionCache -- Resolution chrome126=126.0.6478.126 in cache (valid until 16:22:49 27/06/2024 PDT)
14:07:49.202 [main] INFO io.github.bonigarcia.wdm.WebDriverManager -- Using chromedriver 126.0.6478.126 (resolved driver for Chrome 126)
14:07:49.218 [main] DEBUG io.github.bonigarcia.wdm.WebDriverManager -- Driver chromedriver 126.0.6478.126 found in cache
14:07:49.219 [main] INFO io.github.bonigarcia.wdm.WebDriverManager -- Exporting webdriver.chrome.driver as C:\Users\Marcus\.cache\selenium\chromedriver\win64\126.0.6478.126\chromedriver.exe
  Given User visits home page            # stepDefinitions.AllTests.user_visits_homepage()
  When User logs in                      # stepDefinitions.AllTests.user_logs_in()
Admin module not present for user
  Then User cannot click admin panel     # stepDefinitions.AllTests.user_cannot_click_admin_panel()
]]></system-out>
    <system-err><![CDATA[Jun 27, 2024 2:07:50 P.M. org.openqa.selenium.devtools.CdpVersionFinder findNearestMatch
WARNING: Unable to find an exact match for CDP version 126, returning the closest version; found: 125; Please update to a Selenium version that supports CDP version 126
]]></system-err>
  </testcase>
  <testcase name="runScenario[&quot;Admin views admin-uploaded file&quot;, &quot;All Tests&quot;](8)" classname="cuccumbersOptions.TestNGRunner" time="6.293">
    <system-out><![CDATA[
Scenario: Admin views admin-uploaded file    # src/test/java/features/AllTests.feature:44
14:08:24.586 [main] DEBUG io.github.bonigarcia.wdm.WebDriverManager -- Using WebDriverManager 5.8.0
14:08:24.598 [main] DEBUG io.github.bonigarcia.wdm.cache.ResolutionCache -- Resolution chrome=126 in cache (valid until 14:08:45 27/06/2024 PDT)
14:08:24.599 [main] DEBUG io.github.bonigarcia.wdm.cache.ResolutionCache -- Resolution chrome126=126.0.6478.126 in cache (valid until 16:22:49 27/06/2024 PDT)
14:08:24.599 [main] INFO io.github.bonigarcia.wdm.WebDriverManager -- Using chromedriver 126.0.6478.126 (resolved driver for Chrome 126)
14:08:24.610 [main] DEBUG io.github.bonigarcia.wdm.WebDriverManager -- Driver chromedriver 126.0.6478.126 found in cache
14:08:24.611 [main] INFO io.github.bonigarcia.wdm.WebDriverManager -- Exporting webdriver.chrome.driver as C:\Users\Marcus\.cache\selenium\chromedriver\win64\126.0.6478.126\chromedriver.exe
  Given Admin visits home page to log in     # stepDefinitions.AllTests.admin_visits_on_the_homepage()
  When Admin logs in                         # stepDefinitions.AllTests.admin_logs_in()
  When Admin panel Resources tab is selected # stepDefinitions.AllTests.admin_panel_resources_tab_is_selected()
  Then Admin-uploaded files are visible      # stepDefinitions.AllTests.admin_uploaded_files_are_visible()
]]></system-out>
    <system-err><![CDATA[Jun 27, 2024 2:08:26 P.M. org.openqa.selenium.devtools.CdpVersionFinder findNearestMatch
WARNING: Unable to find an exact match for CDP version 126, returning the closest version; found: 125; Please update to a Selenium version that supports CDP version 126
]]></system-err>
  </testcase>
  <testcase name="runScenario[&quot;Employee views admin-uploaded file&quot;, &quot;All Tests&quot;](9)" classname="cuccumbersOptions.TestNGRunner" time="36.604">
    <failure message="Expected condition failed: waiting for element to be clickable: By.cssSelector: div #collapsibleNavId ul li:nth-child(8) a (tried for 30 second(s) with 500 milliseconds interval)&#10;Build info: version: &apos;4.21.0&apos;, revision: &apos;79ed462ef4&apos;&#10;System info: os.name: &apos;Windows 10&apos;, os.arch: &apos;amd64&apos;, os.version: &apos;10.0&apos;, java.version: &apos;21.0.2&apos;&#10;Driver info: org.openqa.selenium.chrome.ChromeDriver&#10;Capabilities {acceptInsecureCerts: false, browserName: chrome, browserVersion: 126.0.6478.127, chrome: {chromedriverVersion: 126.0.6478.126 (d36ace6122e..., userDataDir: C:\Users\Marcus\AppData\Loc...}, fedcm:accounts: true, goog:chromeOptions: {debuggerAddress: localhost:53847}, networkConnectionEnabled: false, pageLoadStrategy: normal, platformName: windows, proxy: Proxy(), se:cdp: ws://localhost:53847/devtoo..., se:cdpVersion: 126.0.6478.127, setWindowRect: true, strictFileInteractability: false, timeouts: {implicit: 0, pageLoad: 300000, script: 30000}, unhandledPromptBehavior: dismiss and notify, webauthn:extension:credBlob: true, webauthn:extension:largeBlob: true, webauthn:extension:minPinLength: true, webauthn:extension:prf: true, webauthn:virtualAuthenticators: true}&#10;Session ID: ab8c5f8ea615520e76f7e3843bd5e8ac" type="org.openqa.selenium.TimeoutException"><![CDATA[org.openqa.selenium.TimeoutException: 
Expected condition failed: waiting for element to be clickable: By.cssSelector: div #collapsibleNavId ul li:nth-child(8) a (tried for 30 second(s) with 500 milliseconds interval)
Build info: version: '4.21.0', revision: '79ed462ef4'
System info: os.name: 'Windows 10', os.arch: 'amd64', os.version: '10.0', java.version: '21.0.2'
Driver info: org.openqa.selenium.chrome.ChromeDriver
Capabilities {acceptInsecureCerts: false, browserName: chrome, browserVersion: 126.0.6478.127, chrome: {chromedriverVersion: 126.0.6478.126 (d36ace6122e..., userDataDir: C:\Users\Marcus\AppData\Loc...}, fedcm:accounts: true, goog:chromeOptions: {debuggerAddress: localhost:53847}, networkConnectionEnabled: false, pageLoadStrategy: normal, platformName: windows, proxy: Proxy(), se:cdp: ws://localhost:53847/devtoo..., se:cdpVersion: 126.0.6478.127, setWindowRect: true, strictFileInteractability: false, timeouts: {implicit: 0, pageLoad: 300000, script: 30000}, unhandledPromptBehavior: dismiss and notify, webauthn:extension:credBlob: true, webauthn:extension:largeBlob: true, webauthn:extension:minPinLength: true, webauthn:extension:prf: true, webauthn:virtualAuthenticators: true}
Session ID: ab8c5f8ea615520e76f7e3843bd5e8ac
	at org.openqa.selenium.support.ui.WebDriverWait.timeoutException(WebDriverWait.java:84)
	at org.openqa.selenium.support.ui.FluentWait.until(FluentWait.java:228)
	at stepDefinitions.AllTests.admin_panel_resources_tab_is_selected(AllTests.java:347)
	at ✽.Admin panel Resources tab is selected(file:///C:/Users/Marcus/Desktop/SUMMER%202024/SENG%20426/crypto-testing/src/test/java/features/AllTests.feature:53)
]]></failure>
    <system-out><![CDATA[
Scenario: Employee views admin-uploaded file # src/test/java/features/AllTests.feature:50
14:08:30.879 [main] DEBUG io.github.bonigarcia.wdm.WebDriverManager -- Using WebDriverManager 5.8.0
14:08:30.892 [main] DEBUG io.github.bonigarcia.wdm.cache.ResolutionCache -- Resolution chrome=126 in cache (valid until 14:08:45 27/06/2024 PDT)
14:08:30.893 [main] DEBUG io.github.bonigarcia.wdm.cache.ResolutionCache -- Resolution chrome126=126.0.6478.126 in cache (valid until 16:22:49 27/06/2024 PDT)
14:08:30.893 [main] INFO io.github.bonigarcia.wdm.WebDriverManager -- Using chromedriver 126.0.6478.126 (resolved driver for Chrome 126)
14:08:30.917 [main] DEBUG io.github.bonigarcia.wdm.WebDriverManager -- Driver chromedriver 126.0.6478.126 found in cache
14:08:30.918 [main] INFO io.github.bonigarcia.wdm.WebDriverManager -- Exporting webdriver.chrome.driver as C:\Users\Marcus\.cache\selenium\chromedriver\win64\126.0.6478.126\chromedriver.exe
  Given User visits home page                # stepDefinitions.AllTests.user_visits_homepage()
  When Employee logs in                      # stepDefinitions.AllTests.employee_logs_in()
  When Admin panel Resources tab is selected # stepDefinitions.AllTests.admin_panel_resources_tab_is_selected()
      org.openqa.selenium.TimeoutException: Expected condition failed: waiting for element to be clickable: By.cssSelector: div #collapsibleNavId ul li:nth-child(8) a (tried for 30 second(s) with 500 milliseconds interval)
Build info: version: '4.21.0', revision: '79ed462ef4'
System info: os.name: 'Windows 10', os.arch: 'amd64', os.version: '10.0', java.version: '21.0.2'
Driver info: org.openqa.selenium.chrome.ChromeDriver
Capabilities {acceptInsecureCerts: false, browserName: chrome, browserVersion: 126.0.6478.127, chrome: {chromedriverVersion: 126.0.6478.126 (d36ace6122e..., userDataDir: C:\Users\Marcus\AppData\Loc...}, fedcm:accounts: true, goog:chromeOptions: {debuggerAddress: localhost:53847}, networkConnectionEnabled: false, pageLoadStrategy: normal, platformName: windows, proxy: Proxy(), se:cdp: ws://localhost:53847/devtoo..., se:cdpVersion: 126.0.6478.127, setWindowRect: true, strictFileInteractability: false, timeouts: {implicit: 0, pageLoad: 300000, script: 30000}, unhandledPromptBehavior: dismiss and notify, webauthn:extension:credBlob: true, webauthn:extension:largeBlob: true, webauthn:extension:minPinLength: true, webauthn:extension:prf: true, webauthn:virtualAuthenticators: true}
Session ID: ab8c5f8ea615520e76f7e3843bd5e8ac
	at org.openqa.selenium.support.ui.WebDriverWait.timeoutException(WebDriverWait.java:84)
	at org.openqa.selenium.support.ui.FluentWait.until(FluentWait.java:228)
	at stepDefinitions.AllTests.admin_panel_resources_tab_is_selected(AllTests.java:347)
	at ✽.Admin panel Resources tab is selected(file:///C:/Users/Marcus/Desktop/SUMMER%202024/SENG%20426/crypto-testing/src/test/java/features/AllTests.feature:53)

  Then Admin-uploaded files are visible      # stepDefinitions.AllTests.admin_uploaded_files_are_visible()
]]></system-out>
    <system-err><![CDATA[Jun 27, 2024 2:08:32 P.M. org.openqa.selenium.devtools.CdpVersionFinder findNearestMatch
WARNING: Unable to find an exact match for CDP version 126, returning the closest version; found: 125; Please update to a Selenium version that supports CDP version 126
]]></system-err>
  </testcase>
</testsuite>