<?xml version="1.0" encoding="UTF-8"?>
<testng-results ignored="0" total="13" passed="10" failed="3" skipped="0">
  <reporter-output>
  </reporter-output>
  <suite started-at="2024-06-27T19:08:36 PDT" name="Surefire suite" finished-at="2024-06-27T19:12:41 PDT" duration-ms="244973">
    <groups>
      <group name="cucumber">
        <method signature="AbstractTestNGCucumberTests.runScenario(io.cucumber.testng.PickleWrapper,io.cucumber.testng.FeatureWrapper)[pri:0, instance:cuccumbersOptions.TestNGRunner@fa4c865]" name="runScenario" class="io.cucumber.testng.AbstractTestNGCucumberTests"/>
      </group> <!-- cucumber -->
    </groups>
    <test started-at="2024-06-27T19:08:36 PDT" name="Surefire test" finished-at="2024-06-27T19:12:41 PDT" duration-ms="244973">
      <class name="cuccumbersOptions.TestNGRunner">
        <test-method is-config="true" signature="setUpClass(org.testng.ITestContext)[pri:0, instance:cuccumbersOptions.TestNGRunner@fa4c865]" started-at="2024-06-27T19:08:36 PDT" name="setUpClass" finished-at="2024-06-27T19:08:38 PDT" duration-ms="1643" status="PASS">
          <params>
            <param index="0">
              <value>
                <![CDATA[org.testng.TestRunner@1071f3ad]]>
              </value>
            </param>
          </params>
          <reporter-output>
          </reporter-output>
        </test-method> <!-- setUpClass -->
        <test-method signature="runScenario(io.cucumber.testng.PickleWrapper,io.cucumber.testng.FeatureWrapper)[pri:0, instance:cuccumbersOptions.TestNGRunner@fa4c865]" started-at="2024-06-27T19:08:38 PDT" name="runScenario" description="Runs Cucumber Scenarios" data-provider="scenarios" finished-at="2024-06-27T19:08:54 PDT" duration-ms="16287" status="PASS">
          <params>
            <param index="0">
              <value>
                <![CDATA["Check that Sign Up Scenario works successfully"]]>
              </value>
            </param>
            <param index="1">
              <value>
                <![CDATA["All Tests"]]>
              </value>
            </param>
          </params>
          <reporter-output>
          </reporter-output>
        </test-method> <!-- runScenario -->
        <test-method signature="runScenario(io.cucumber.testng.PickleWrapper,io.cucumber.testng.FeatureWrapper)[pri:0, instance:cuccumbersOptions.TestNGRunner@fa4c865]" started-at="2024-06-27T19:08:54 PDT" name="runScenario" description="Runs Cucumber Scenarios" data-provider="scenarios" finished-at="2024-06-27T19:09:06 PDT" duration-ms="11475" status="PASS">
          <params>
            <param index="0">
              <value>
                <![CDATA["Admin approves a new user"]]>
              </value>
            </param>
            <param index="1">
              <value>
                <![CDATA["All Tests"]]>
              </value>
            </param>
          </params>
          <reporter-output>
          </reporter-output>
        </test-method> <!-- runScenario -->
        <test-method signature="runScenario(io.cucumber.testng.PickleWrapper,io.cucumber.testng.FeatureWrapper)[pri:0, instance:cuccumbersOptions.TestNGRunner@fa4c865]" started-at="2024-06-27T19:09:06 PDT" name="runScenario" description="Runs Cucumber Scenarios" data-provider="scenarios" finished-at="2024-06-27T19:09:10 PDT" duration-ms="3962" status="PASS">
          <params>
            <param index="0">
              <value>
                <![CDATA["User without account attempts to use encryption"]]>
              </value>
            </param>
            <param index="1">
              <value>
                <![CDATA["All Tests"]]>
              </value>
            </param>
          </params>
          <reporter-output>
          </reporter-output>
        </test-method> <!-- runScenario -->
        <test-method signature="runScenario(io.cucumber.testng.PickleWrapper,io.cucumber.testng.FeatureWrapper)[pri:0, instance:cuccumbersOptions.TestNGRunner@fa4c865]" started-at="2024-06-27T19:09:10 PDT" name="runScenario" description="Runs Cucumber Scenarios" data-provider="scenarios" finished-at="2024-06-27T19:09:13 PDT" duration-ms="3535" status="PASS">
          <params>
            <param index="0">
              <value>
                <![CDATA["User without account attempts to use decryption"]]>
              </value>
            </param>
            <param index="1">
              <value>
                <![CDATA["All Tests"]]>
              </value>
            </param>
          </params>
          <reporter-output>
          </reporter-output>
        </test-method> <!-- runScenario -->
        <test-method signature="runScenario(io.cucumber.testng.PickleWrapper,io.cucumber.testng.FeatureWrapper)[pri:0, instance:cuccumbersOptions.TestNGRunner@fa4c865]" started-at="2024-06-27T19:09:13 PDT" name="runScenario" description="Runs Cucumber Scenarios" data-provider="scenarios" finished-at="2024-06-27T19:09:49 PDT" duration-ms="35578" status="PASS">
          <params>
            <param index="0">
              <value>
                <![CDATA["User performs role change"]]>
              </value>
            </param>
            <param index="1">
              <value>
                <![CDATA["All Tests"]]>
              </value>
            </param>
          </params>
          <reporter-output>
          </reporter-output>
        </test-method> <!-- runScenario -->
        <test-method signature="runScenario(io.cucumber.testng.PickleWrapper,io.cucumber.testng.FeatureWrapper)[pri:0, instance:cuccumbersOptions.TestNGRunner@fa4c865]" started-at="2024-06-27T19:09:49 PDT" name="runScenario" description="Runs Cucumber Scenarios" data-provider="scenarios" finished-at="2024-06-27T19:10:25 PDT" duration-ms="36265" status="FAIL">
          <params>
            <param index="0">
              <value>
                <![CDATA["Admin performs role change"]]>
              </value>
            </param>
            <param index="1">
              <value>
                <![CDATA["All Tests"]]>
              </value>
            </param>
          </params>
          <exception class="org.openqa.selenium.TimeoutException">
            <message>
              <![CDATA[Expected condition failed: waiting for element to be clickable: By.cssSelector: #pr_id_5-table > tbody:nth-child(2) > tr:nth-child(3) > td:nth-child(6) > div:nth-child(1) > button:nth-child(1) (tried for 30 second(s) with 500 milliseconds interval)
Build info: version: '4.21.0', revision: '79ed462ef4'
System info: os.name: 'Windows 10', os.arch: 'amd64', os.version: '10.0', java.version: '21.0.2'
Driver info: org.openqa.selenium.chrome.ChromeDriver
Capabilities {acceptInsecureCerts: false, browserName: chrome, browserVersion: 126.0.6478.127, chrome: {chromedriverVersion: 126.0.6478.126 (d36ace6122e..., userDataDir: C:\Users\Marcus\AppData\Loc...}, fedcm:accounts: true, goog:chromeOptions: {debuggerAddress: localhost:50423}, networkConnectionEnabled: false, pageLoadStrategy: normal, platformName: windows, proxy: Proxy(), se:cdp: ws://localhost:50423/devtoo..., se:cdpVersion: 126.0.6478.127, setWindowRect: true, strictFileInteractability: false, timeouts: {implicit: 0, pageLoad: 300000, script: 30000}, unhandledPromptBehavior: dismiss and notify, webauthn:extension:credBlob: true, webauthn:extension:largeBlob: true, webauthn:extension:minPinLength: true, webauthn:extension:prf: true, webauthn:virtualAuthenticators: true}
Session ID: f0594f398778abeec330e79bf827f9f8]]>
            </message>
            <full-stacktrace>
              <![CDATA[org.openqa.selenium.TimeoutException: Expected condition failed: waiting for element to be clickable: By.cssSelector: #pr_id_5-table > tbody:nth-child(2) > tr:nth-child(3) > td:nth-child(6) > div:nth-child(1) > button:nth-child(1) (tried for 30 second(s) with 500 milliseconds interval)
Build info: version: '4.21.0', revision: '79ed462ef4'
System info: os.name: 'Windows 10', os.arch: 'amd64', os.version: '10.0', java.version: '21.0.2'
Driver info: org.openqa.selenium.chrome.ChromeDriver
Capabilities {acceptInsecureCerts: false, browserName: chrome, browserVersion: 126.0.6478.127, chrome: {chromedriverVersion: 126.0.6478.126 (d36ace6122e..., userDataDir: C:\Users\Marcus\AppData\Loc...}, fedcm:accounts: true, goog:chromeOptions: {debuggerAddress: localhost:50423}, networkConnectionEnabled: false, pageLoadStrategy: normal, platformName: windows, proxy: Proxy(), se:cdp: ws://localhost:50423/devtoo..., se:cdpVersion: 126.0.6478.127, setWindowRect: true, strictFileInteractability: false, timeouts: {implicit: 0, pageLoad: 300000, script: 30000}, unhandledPromptBehavior: dismiss and notify, webauthn:extension:credBlob: true, webauthn:extension:largeBlob: true, webauthn:extension:minPinLength: true, webauthn:extension:prf: true, webauthn:virtualAuthenticators: true}
Session ID: f0594f398778abeec330e79bf827f9f8
at org.openqa.selenium.support.ui.WebDriverWait.timeoutException(WebDriverWait.java:84)
at org.openqa.selenium.support.ui.FluentWait.until(FluentWait.java:228)
at stepDefinitions.AllTests.role_is_edited(AllTests.java:291)
at ✽.Role is edited(file:///C:/Users/Marcus/Desktop/SUMMER%202024/SENG%20426/crypto-testing/src/test/java/features/AllTests.feature:37)
]]>
            </full-stacktrace>
          </exception> <!-- org.openqa.selenium.TimeoutException -->
          <reporter-output>
          </reporter-output>
        </test-method> <!-- runScenario -->
        <test-method signature="runScenario(io.cucumber.testng.PickleWrapper,io.cucumber.testng.FeatureWrapper)[pri:0, instance:cuccumbersOptions.TestNGRunner@fa4c865]" started-at="2024-06-27T19:10:25 PDT" name="runScenario" description="Runs Cucumber Scenarios" data-provider="scenarios" finished-at="2024-06-27T19:11:01 PDT" duration-ms="35756" status="PASS">
          <params>
            <param index="0">
              <value>
                <![CDATA["User views admin-uploaded file"]]>
              </value>
            </param>
            <param index="1">
              <value>
                <![CDATA["All Tests"]]>
              </value>
            </param>
          </params>
          <reporter-output>
          </reporter-output>
        </test-method> <!-- runScenario -->
        <test-method signature="runScenario(io.cucumber.testng.PickleWrapper,io.cucumber.testng.FeatureWrapper)[pri:0, instance:cuccumbersOptions.TestNGRunner@fa4c865]" started-at="2024-06-27T19:11:01 PDT" name="runScenario" description="Runs Cucumber Scenarios" data-provider="scenarios" finished-at="2024-06-27T19:11:09 PDT" duration-ms="8736" status="PASS">
          <params>
            <param index="0">
              <value>
                <![CDATA["User encrypts file"]]>
              </value>
            </param>
            <param index="1">
              <value>
                <![CDATA["All Tests"]]>
              </value>
            </param>
          </params>
          <reporter-output>
          </reporter-output>
        </test-method> <!-- runScenario -->
        <test-method signature="runScenario(io.cucumber.testng.PickleWrapper,io.cucumber.testng.FeatureWrapper)[pri:0, instance:cuccumbersOptions.TestNGRunner@fa4c865]" started-at="2024-06-27T19:11:09 PDT" name="runScenario" description="Runs Cucumber Scenarios" data-provider="scenarios" finished-at="2024-06-27T19:11:17 PDT" duration-ms="7789" status="FAIL">
          <params>
            <param index="0">
              <value>
                <![CDATA["User decrypts file"]]>
              </value>
            </param>
            <param index="1">
              <value>
                <![CDATA["All Tests"]]>
              </value>
            </param>
          </params>
          <exception class="java.lang.AssertionError">
            <message>
              <![CDATA[expected [true] but found [false]]]>
            </message>
            <full-stacktrace>
              <![CDATA[java.lang.AssertionError: expected [true] but found [false]
at org.testng.Assert.fail(Assert.java:111)
at org.testng.Assert.failNotEquals(Assert.java:1578)
at org.testng.Assert.assertTrue(Assert.java:57)
at org.testng.Assert.assertTrue(Assert.java:67)
at stepDefinitions.AllTests.user_can_decrypt_file(AllTests.java:456)
at ✽.User can decrypt file(file:///C:/Users/Marcus/Desktop/SUMMER%202024/SENG%20426/crypto-testing/src/test/java/features/AllTests.feature:58)
]]>
            </full-stacktrace>
          </exception> <!-- java.lang.AssertionError -->
          <reporter-output>
          </reporter-output>
        </test-method> <!-- runScenario -->
        <test-method signature="runScenario(io.cucumber.testng.PickleWrapper,io.cucumber.testng.FeatureWrapper)[pri:0, instance:cuccumbersOptions.TestNGRunner@fa4c865]" started-at="2024-06-27T19:11:17 PDT" name="runScenario" description="Runs Cucumber Scenarios" data-provider="scenarios" finished-at="2024-06-27T19:11:24 PDT" duration-ms="7074" status="PASS">
          <params>
            <param index="0">
              <value>
                <![CDATA["User encrypts file with incorrect key"]]>
              </value>
            </param>
            <param index="1">
              <value>
                <![CDATA["All Tests"]]>
              </value>
            </param>
          </params>
          <reporter-output>
          </reporter-output>
        </test-method> <!-- runScenario -->
        <test-method signature="runScenario(io.cucumber.testng.PickleWrapper,io.cucumber.testng.FeatureWrapper)[pri:0, instance:cuccumbersOptions.TestNGRunner@fa4c865]" started-at="2024-06-27T19:11:24 PDT" name="runScenario" description="Runs Cucumber Scenarios" data-provider="scenarios" finished-at="2024-06-27T19:11:30 PDT" duration-ms="6077" status="PASS">
          <params>
            <param index="0">
              <value>
                <![CDATA["Admin views admin-uploaded file"]]>
              </value>
            </param>
            <param index="1">
              <value>
                <![CDATA["All Tests"]]>
              </value>
            </param>
          </params>
          <reporter-output>
          </reporter-output>
        </test-method> <!-- runScenario -->
        <test-method signature="runScenario(io.cucumber.testng.PickleWrapper,io.cucumber.testng.FeatureWrapper)[pri:0, instance:cuccumbersOptions.TestNGRunner@fa4c865]" started-at="2024-06-27T19:11:30 PDT" name="runScenario" description="Runs Cucumber Scenarios" data-provider="scenarios" finished-at="2024-06-27T19:12:06 PDT" duration-ms="35131" status="FAIL">
          <params>
            <param index="0">
              <value>
                <![CDATA["Employee views admin-uploaded file"]]>
              </value>
            </param>
            <param index="1">
              <value>
                <![CDATA["All Tests"]]>
              </value>
            </param>
          </params>
          <exception class="org.openqa.selenium.TimeoutException">
            <message>
              <![CDATA[Expected condition failed: waiting for element to be clickable: By.cssSelector: div #collapsibleNavId ul li:nth-child(8) a (tried for 30 second(s) with 500 milliseconds interval)
Build info: version: '4.21.0', revision: '79ed462ef4'
System info: os.name: 'Windows 10', os.arch: 'amd64', os.version: '10.0', java.version: '21.0.2'
Driver info: org.openqa.selenium.chrome.ChromeDriver
Capabilities {acceptInsecureCerts: false, browserName: chrome, browserVersion: 126.0.6478.127, chrome: {chromedriverVersion: 126.0.6478.126 (d36ace6122e..., userDataDir: C:\Users\Marcus\AppData\Loc...}, fedcm:accounts: true, goog:chromeOptions: {debuggerAddress: localhost:50615}, networkConnectionEnabled: false, pageLoadStrategy: normal, platformName: windows, proxy: Proxy(), se:cdp: ws://localhost:50615/devtoo..., se:cdpVersion: 126.0.6478.127, setWindowRect: true, strictFileInteractability: false, timeouts: {implicit: 0, pageLoad: 300000, script: 30000}, unhandledPromptBehavior: dismiss and notify, webauthn:extension:credBlob: true, webauthn:extension:largeBlob: true, webauthn:extension:minPinLength: true, webauthn:extension:prf: true, webauthn:virtualAuthenticators: true}
Session ID: 4f8381e7eceff20d688f59f95d76c523]]>
            </message>
            <full-stacktrace>
              <![CDATA[org.openqa.selenium.TimeoutException: Expected condition failed: waiting for element to be clickable: By.cssSelector: div #collapsibleNavId ul li:nth-child(8) a (tried for 30 second(s) with 500 milliseconds interval)
Build info: version: '4.21.0', revision: '79ed462ef4'
System info: os.name: 'Windows 10', os.arch: 'amd64', os.version: '10.0', java.version: '21.0.2'
Driver info: org.openqa.selenium.chrome.ChromeDriver
Capabilities {acceptInsecureCerts: false, browserName: chrome, browserVersion: 126.0.6478.127, chrome: {chromedriverVersion: 126.0.6478.126 (d36ace6122e..., userDataDir: C:\Users\Marcus\AppData\Loc...}, fedcm:accounts: true, goog:chromeOptions: {debuggerAddress: localhost:50615}, networkConnectionEnabled: false, pageLoadStrategy: normal, platformName: windows, proxy: Proxy(), se:cdp: ws://localhost:50615/devtoo..., se:cdpVersion: 126.0.6478.127, setWindowRect: true, strictFileInteractability: false, timeouts: {implicit: 0, pageLoad: 300000, script: 30000}, unhandledPromptBehavior: dismiss and notify, webauthn:extension:credBlob: true, webauthn:extension:largeBlob: true, webauthn:extension:minPinLength: true, webauthn:extension:prf: true, webauthn:virtualAuthenticators: true}
Session ID: 4f8381e7eceff20d688f59f95d76c523
at org.openqa.selenium.support.ui.WebDriverWait.timeoutException(WebDriverWait.java:84)
at org.openqa.selenium.support.ui.FluentWait.until(FluentWait.java:228)
at stepDefinitions.AllTests.admin_panel_resources_tab_is_selected(AllTests.java:351)
at ✽.Admin panel Resources tab is selected(file:///C:/Users/Marcus/Desktop/SUMMER%202024/SENG%20426/crypto-testing/src/test/java/features/AllTests.feature:77)
]]>
            </full-stacktrace>
          </exception> <!-- org.openqa.selenium.TimeoutException -->
          <reporter-output>
          </reporter-output>
        </test-method> <!-- runScenario -->
        <test-method signature="runScenario(io.cucumber.testng.PickleWrapper,io.cucumber.testng.FeatureWrapper)[pri:0, instance:cuccumbersOptions.TestNGRunner@fa4c865]" started-at="2024-06-27T19:12:06 PDT" name="runScenario" description="Runs Cucumber Scenarios" data-provider="scenarios" finished-at="2024-06-27T19:12:41 PDT" duration-ms="35423" status="PASS">
          <params>
            <param index="0">
              <value>
                <![CDATA["User views admin-uploaded file"]]>
              </value>
            </param>
            <param index="1">
              <value>
                <![CDATA["All Tests"]]>
              </value>
            </param>
          </params>
          <reporter-output>
          </reporter-output>
        </test-method> <!-- runScenario -->
        <test-method is-config="true" signature="tearDownClass()[pri:0, instance:cuccumbersOptions.TestNGRunner@fa4c865]" started-at="2024-06-27T19:12:41 PDT" name="tearDownClass" finished-at="2024-06-27T19:12:41 PDT" duration-ms="104" status="PASS">
          <reporter-output>
          </reporter-output>
        </test-method> <!-- tearDownClass -->
      </class> <!-- cuccumbersOptions.TestNGRunner -->
    </test> <!-- Surefire test -->
  </suite> <!-- Surefire suite -->
</testng-results>
