<?xml version="1.0" encoding="UTF-8"?>
<testsuite xmlns:xsi="http://www.w3.org/2001/XMLSchema-instance" xsi:noNamespaceSchemaLocation="https://maven.apache.org/surefire/maven-surefire-plugin/xsd/surefire-test-report-3.0.xsd" version="3.0" name="TestSuite" time="246.107" tests="13" errors="0" skipped="0" failures="3">
  <properties>
[...]
</properties>
  <testcase name="runScenario[&quot;Check that Sign Up Scenario works successfully&quot;, &quot;All Tests&quot;](1)" classname="cuccumbersOptions.TestNGRunner" time="16.296">
    <system-out><![CDATA[
Scenario: Check that Sign Up Scenario works successfully                      # src/test/java/features/AllTests.feature:2
19:08:39.481 [main] DEBUG io.github.bonigarcia.wdm.WebDriverManager -- Using WebDriverManager 5.8.0
19:08:40.396 [main] DEBUG io.github.bonigarcia.wdm.cache.ResolutionCache -- Resolution chrome=126 in cache (valid until 20:01:41 27/06/2024 PDT)
19:08:40.397 [main] DEBUG io.github.bonigarcia.wdm.cache.ResolutionCache -- Resolution chrome126=126.0.6478.126 in cache (valid until 16:25:31 28/06/2024 PDT)
19:08:40.398 [main] INFO io.github.bonigarcia.wdm.WebDriverManager -- Using chromedriver 126.0.6478.126 (resolved driver for Chrome 126)
19:08:40.444 [main] DEBUG io.github.bonigarcia.wdm.WebDriverManager -- Driver chromedriver 126.0.6478.126 found in cache
19:08:40.446 [main] INFO io.github.bonigarcia.wdm.WebDriverManager -- Exporting webdriver.chrome.driver as C:\Users\Marcus\.cache\selenium\chromedriver\win64\126.0.6478.126\chromedriver.exe
  Given User visits home page to sign up                                      # stepDefinitions.AllTests.user_visits_on_the_homepage()
  When User clicks on Sign Up Button                                          # stepDefinitions.AllTests.user_clicks_on_sign_up_button()
  When User inputs name, email, password, confirm password and selects a role # stepDefinitions.AllTests.user_inputs_name_email_password_and_confirm_password()
  When User clicks submit sign up button                                      # stepDefinitions.AllTests.user_clicks_submit_sign_up_button()
  Then User receives a sign up success message                                # stepDefinitions.AllTests.user_receives_a_sign_up_success_message()
]]></system-out>
    <system-err><![CDATA[Jun 27, 2024 7:08:45 P.M. org.openqa.selenium.devtools.CdpVersionFinder findNearestMatch
WARNING: Unable to find an exact match for CDP version 126, returning the closest version; found: 125; Please update to a Selenium version that supports CDP version 126
]]></system-err>
  </testcase>
  <testcase name="runScenario[&quot;Admin approves a new user&quot;, &quot;All Tests&quot;](2)" classname="cuccumbersOptions.TestNGRunner" time="11.471">
    <system-out><![CDATA[
Scenario: Admin approves a new user                           # src/test/java/features/AllTests.feature:9
19:08:54.711 [main] DEBUG io.github.bonigarcia.wdm.WebDriverManager -- Using WebDriverManager 5.8.0
19:08:54.890 [main] DEBUG io.github.bonigarcia.wdm.cache.ResolutionCache -- Resolution chrome=126 in cache (valid until 20:01:41 27/06/2024 PDT)
19:08:54.892 [main] DEBUG io.github.bonigarcia.wdm.cache.ResolutionCache -- Resolution chrome126=126.0.6478.126 in cache (valid until 16:25:31 28/06/2024 PDT)
19:08:54.893 [main] INFO io.github.bonigarcia.wdm.WebDriverManager -- Using chromedriver 126.0.6478.126 (resolved driver for Chrome 126)
19:08:54.935 [main] DEBUG io.github.bonigarcia.wdm.WebDriverManager -- Driver chromedriver 126.0.6478.126 found in cache
19:08:54.946 [main] INFO io.github.bonigarcia.wdm.WebDriverManager -- Exporting webdriver.chrome.driver as C:\Users\Marcus\.cache\selenium\chromedriver\win64\126.0.6478.126\chromedriver.exe
  Given Admin visits home page to approve a user              # stepDefinitions.AllTests.admin_visits_home_page_to_approve_a_user()
  When Admin clicks on login button to approve a user         # stepDefinitions.AllTests.admin_clicks_on_login_button_to_approve_a_user()
  When Admin logins with email and password to approve a user # stepDefinitions.AllTests.admin_logins_with_email_and_password_to_approve_a_user()
  When Admin visits Admin Panel to approve a user             # stepDefinitions.AllTests.admin_visits_admin_panel_to_approve_a_user()
  When Admin clicks on New Accounts tab                       # stepDefinitions.AllTests.admin_clicks_on_new_accounts_tab()
Approve button is found and is clickable.
Exception occurred: Element should have been "select" but was "a"
Build info: version: '4.21.0', revision: '79ed462ef4'
System info: os.name: 'Windows 10', os.arch: 'amd64', os.version: '10.0', java.version: '21.0.2'
Driver info: driver.version: unknown
  Then Admin approves the first new user                      # stepDefinitions.AllTests.admin_approves_the_new_user()
]]></system-out>
    <system-err><![CDATA[Jun 27, 2024 7:08:58 P.M. org.openqa.selenium.devtools.CdpVersionFinder findNearestMatch
WARNING: Unable to find an exact match for CDP version 126, returning the closest version; found: 125; Please update to a Selenium version that supports CDP version 126
]]></system-err>
  </testcase>
  <testcase name="runScenario[&quot;User without account attempts to use encryption&quot;, &quot;All Tests&quot;](3)" classname="cuccumbersOptions.TestNGRunner" time="3.962">
    <system-out><![CDATA[
Scenario: User without account attempts to use encryption # src/test/java/features/AllTests.feature:17
19:09:06.123 [main] DEBUG io.github.bonigarcia.wdm.WebDriverManager -- Using WebDriverManager 5.8.0
19:09:06.166 [main] DEBUG io.github.bonigarcia.wdm.cache.ResolutionCache -- Resolution chrome=126 in cache (valid until 20:01:41 27/06/2024 PDT)
19:09:06.167 [main] DEBUG io.github.bonigarcia.wdm.cache.ResolutionCache -- Resolution chrome126=126.0.6478.126 in cache (valid until 16:25:31 28/06/2024 PDT)
19:09:06.167 [main] INFO io.github.bonigarcia.wdm.WebDriverManager -- Using chromedriver 126.0.6478.126 (resolved driver for Chrome 126)
19:09:06.181 [main] DEBUG io.github.bonigarcia.wdm.WebDriverManager -- Driver chromedriver 126.0.6478.126 found in cache
19:09:06.183 [main] INFO io.github.bonigarcia.wdm.WebDriverManager -- Exporting webdriver.chrome.driver as C:\Users\Marcus\.cache\selenium\chromedriver\win64\126.0.6478.126\chromedriver.exe
  Given User visits home page                             # stepDefinitions.AllTests.user_visits_homepage()
  When User selects encryption                            # stepDefinitions.AllTests.user_selects_encryption()
  Then Login popup appears                                # stepDefinitions.AllTests.login_popup_appears()
]]></system-out>
    <system-err><![CDATA[Jun 27, 2024 7:09:07 P.M. org.openqa.selenium.devtools.CdpVersionFinder findNearestMatch
WARNING: Unable to find an exact match for CDP version 126, returning the closest version; found: 125; Please update to a Selenium version that supports CDP version 126
]]></system-err>
  </testcase>
  <testcase name="runScenario[&quot;User without account attempts to use decryption&quot;, &quot;All Tests&quot;](4)" classname="cuccumbersOptions.TestNGRunner" time="3.532">
    <system-out><![CDATA[
Scenario: User without account attempts to use decryption # src/test/java/features/AllTests.feature:22
19:09:10.084 [main] DEBUG io.github.bonigarcia.wdm.WebDriverManager -- Using WebDriverManager 5.8.0
19:09:10.104 [main] DEBUG io.github.bonigarcia.wdm.cache.ResolutionCache -- Resolution chrome=126 in cache (valid until 20:01:41 27/06/2024 PDT)
19:09:10.105 [main] DEBUG io.github.bonigarcia.wdm.cache.ResolutionCache -- Resolution chrome126=126.0.6478.126 in cache (valid until 16:25:31 28/06/2024 PDT)
19:09:10.105 [main] INFO io.github.bonigarcia.wdm.WebDriverManager -- Using chromedriver 126.0.6478.126 (resolved driver for Chrome 126)
19:09:10.125 [main] DEBUG io.github.bonigarcia.wdm.WebDriverManager -- Driver chromedriver 126.0.6478.126 found in cache
19:09:10.127 [main] INFO io.github.bonigarcia.wdm.WebDriverManager -- Exporting webdriver.chrome.driver as C:\Users\Marcus\.cache\selenium\chromedriver\win64\126.0.6478.126\chromedriver.exe
  Given User visits home page                             # stepDefinitions.AllTests.user_visits_homepage()
  When User selects decryption                            # stepDefinitions.AllTests.user_selects_decryption()
  Then Login popup appears                                # stepDefinitions.AllTests.login_popup_appears()
]]></system-out>
    <system-err><![CDATA[Jun 27, 2024 7:09:11 P.M. org.openqa.selenium.devtools.CdpVersionFinder findNearestMatch
WARNING: Unable to find an exact match for CDP version 126, returning the closest version; found: 125; Please update to a Selenium version that supports CDP version 126
]]></system-err>
  </testcase>
  <testcase name="runScenario[&quot;User performs role change&quot;, &quot;All Tests&quot;](5)" classname="cuccumbersOptions.TestNGRunner" time="35.579">
    <system-out><![CDATA[
Scenario: User performs role change  # src/test/java/features/AllTests.feature:28
19:09:13.619 [main] DEBUG io.github.bonigarcia.wdm.WebDriverManager -- Using WebDriverManager 5.8.0
19:09:13.643 [main] DEBUG io.github.bonigarcia.wdm.cache.ResolutionCache -- Resolution chrome=126 in cache (valid until 20:01:41 27/06/2024 PDT)
19:09:13.643 [main] DEBUG io.github.bonigarcia.wdm.cache.ResolutionCache -- Resolution chrome126=126.0.6478.126 in cache (valid until 16:25:31 28/06/2024 PDT)
19:09:13.644 [main] INFO io.github.bonigarcia.wdm.WebDriverManager -- Using chromedriver 126.0.6478.126 (resolved driver for Chrome 126)
19:09:13.659 [main] DEBUG io.github.bonigarcia.wdm.WebDriverManager -- Driver chromedriver 126.0.6478.126 found in cache
19:09:13.659 [main] INFO io.github.bonigarcia.wdm.WebDriverManager -- Exporting webdriver.chrome.driver as C:\Users\Marcus\.cache\selenium\chromedriver\win64\126.0.6478.126\chromedriver.exe
  Given User visits home page        # stepDefinitions.AllTests.user_visits_homepage()
  When Employee logs in              # stepDefinitions.AllTests.employee_logs_in()
Admin module not present for user
  Then User cannot click admin panel # stepDefinitions.AllTests.user_cannot_click_admin_panel()
]]></system-out>
    <system-err><![CDATA[Jun 27, 2024 7:09:15 P.M. org.openqa.selenium.devtools.CdpVersionFinder findNearestMatch
WARNING: Unable to find an exact match for CDP version 126, returning the closest version; found: 125; Please update to a Selenium version that supports CDP version 126
]]></system-err>
  </testcase>
  <testcase name="runScenario[&quot;Admin performs role change&quot;, &quot;All Tests&quot;](6)" classname="cuccumbersOptions.TestNGRunner" time="36.27">
    <failure message="Expected condition failed: waiting for element to be clickable: By.cssSelector: #pr_id_5-table &gt; tbody:nth-child(2) &gt; tr:nth-child(3) &gt; td:nth-child(6) &gt; div:nth-child(1) &gt; button:nth-child(1) (tried for 30 second(s) with 500 milliseconds interval)&#10;Build info: version: &apos;4.21.0&apos;, revision: &apos;79ed462ef4&apos;&#10;System info: os.name: &apos;Windows 10&apos;, os.arch: &apos;amd64&apos;, os.version: &apos;10.0&apos;, java.version: &apos;21.0.2&apos;&#10;Driver info: org.openqa.selenium.chrome.ChromeDriver&#10;Capabilities {acceptInsecureCerts: false, browserName: chrome, browserVersion: 126.0.6478.127, chrome: {chromedriverVersion: 126.0.6478.126 (d36ace6122e..., userDataDir: C:\Users\Marcus\AppData\Loc...}, fedcm:accounts: true, goog:chromeOptions: {debuggerAddress: localhost:50423}, networkConnectionEnabled: false, pageLoadStrategy: normal, platformName: windows, proxy: Proxy(), se:cdp: ws://localhost:50423/devtoo..., se:cdpVersion: 126.0.6478.127, setWindowRect: true, strictFileInteractability: false, timeouts: {implicit: 0, pageLoad: 300000, script: 30000}, unhandledPromptBehavior: dismiss and notify, webauthn:extension:credBlob: true, webauthn:extension:largeBlob: true, webauthn:extension:minPinLength: true, webauthn:extension:prf: true, webauthn:virtualAuthenticators: true}&#10;Session ID: f0594f398778abeec330e79bf827f9f8" type="org.openqa.selenium.TimeoutException"><![CDATA[org.openqa.selenium.TimeoutException: 
Expected condition failed: waiting for element to be clickable: By.cssSelector: #pr_id_5-table > tbody:nth-child(2) > tr:nth-child(3) > td:nth-child(6) > div:nth-child(1) > button:nth-child(1) (tried for 30 second(s) with 500 milliseconds interval)
Build info: version: '4.21.0', revision: '79ed462ef4'
System info: os.name: 'Windows 10', os.arch: 'amd64', os.version: '10.0', java.version: '21.0.2'
Driver info: org.openqa.selenium.chrome.ChromeDriver
Capabilities {acceptInsecureCerts: false, browserName: chrome, browserVersion: 126.0.6478.127, chrome: {chromedriverVersion: 126.0.6478.126 (d36ace6122e..., userDataDir: C:\Users\Marcus\AppData\Loc...}, fedcm:accounts: true, goog:chromeOptions: {debuggerAddress: localhost:50423}, networkConnectionEnabled: false, pageLoadStrategy: normal, platformName: windows, proxy: Proxy(), se:cdp: ws://localhost:50423/devtoo..., se:cdpVersion: 126.0.6478.127, setWindowRect: true, strictFileInteractability: false, timeouts: {implicit: 0, pageLoad: 300000, script: 30000}, unhandledPromptBehavior: dismiss and notify, webauthn:extension:credBlob: true, webauthn:extension:largeBlob: true, webauthn:extension:minPinLength: true, webauthn:extension:prf: true, webauthn:virtualAuthenticators: true}
Session ID: f0594f398778abeec330e79bf827f9f8
	at org.openqa.selenium.support.ui.WebDriverWait.timeoutException(WebDriverWait.java:84)
	at org.openqa.selenium.support.ui.FluentWait.until(FluentWait.java:228)
	at stepDefinitions.AllTests.role_is_edited(AllTests.java:291)
	at ✽.Role is edited(file:///C:/Users/Marcus/Desktop/SUMMER%202024/SENG%20426/crypto-testing/src/test/java/features/AllTests.feature:37)
]]></failure>
    <system-out><![CDATA[
Scenario: Admin performs role change     # src/test/java/features/AllTests.feature:33
19:09:49.202 [main] DEBUG io.github.bonigarcia.wdm.WebDriverManager -- Using WebDriverManager 5.8.0
19:09:49.221 [main] DEBUG io.github.bonigarcia.wdm.cache.ResolutionCache -- Resolution chrome=126 in cache (valid until 20:01:41 27/06/2024 PDT)
19:09:49.224 [main] DEBUG io.github.bonigarcia.wdm.cache.ResolutionCache -- Resolution chrome126=126.0.6478.126 in cache (valid until 16:25:31 28/06/2024 PDT)
19:09:49.224 [main] INFO io.github.bonigarcia.wdm.WebDriverManager -- Using chromedriver 126.0.6478.126 (resolved driver for Chrome 126)
19:09:49.242 [main] DEBUG io.github.bonigarcia.wdm.WebDriverManager -- Driver chromedriver 126.0.6478.126 found in cache
19:09:49.244 [main] INFO io.github.bonigarcia.wdm.WebDriverManager -- Exporting webdriver.chrome.driver as C:\Users\Marcus\.cache\selenium\chromedriver\win64\126.0.6478.126\chromedriver.exe
  Given Admin visits home page to log in # stepDefinitions.AllTests.admin_visits_on_the_homepage()
  When Admin logs in                     # stepDefinitions.AllTests.admin_logs_in()
  When Admin goes to edit role           # stepDefinitions.AllTests.admin_goes_to_edit_role()
  Then Role is edited                    # stepDefinitions.AllTests.role_is_edited()
      org.openqa.selenium.TimeoutException: Expected condition failed: waiting for element to be clickable: By.cssSelector: #pr_id_5-table > tbody:nth-child(2) > tr:nth-child(3) > td:nth-child(6) > div:nth-child(1) > button:nth-child(1) (tried for 30 second(s) with 500 milliseconds interval)
Build info: version: '4.21.0', revision: '79ed462ef4'
System info: os.name: 'Windows 10', os.arch: 'amd64', os.version: '10.0', java.version: '21.0.2'
Driver info: org.openqa.selenium.chrome.ChromeDriver
Capabilities {acceptInsecureCerts: false, browserName: chrome, browserVersion: 126.0.6478.127, chrome: {chromedriverVersion: 126.0.6478.126 (d36ace6122e..., userDataDir: C:\Users\Marcus\AppData\Loc...}, fedcm:accounts: true, goog:chromeOptions: {debuggerAddress: localhost:50423}, networkConnectionEnabled: false, pageLoadStrategy: normal, platformName: windows, proxy: Proxy(), se:cdp: ws://localhost:50423/devtoo..., se:cdpVersion: 126.0.6478.127, setWindowRect: true, strictFileInteractability: false, timeouts: {implicit: 0, pageLoad: 300000, script: 30000}, unhandledPromptBehavior: dismiss and notify, webauthn:extension:credBlob: true, webauthn:extension:largeBlob: true, webauthn:extension:minPinLength: true, webauthn:extension:prf: true, webauthn:virtualAuthenticators: true}
Session ID: f0594f398778abeec330e79bf827f9f8
	at org.openqa.selenium.support.ui.WebDriverWait.timeoutException(WebDriverWait.java:84)
	at org.openqa.selenium.support.ui.FluentWait.until(FluentWait.java:228)
	at stepDefinitions.AllTests.role_is_edited(AllTests.java:291)
	at ✽.Role is edited(file:///C:/Users/Marcus/Desktop/SUMMER%202024/SENG%20426/crypto-testing/src/test/java/features/AllTests.feature:37)

]]></system-out>
    <system-err><![CDATA[Jun 27, 2024 7:09:50 P.M. org.openqa.selenium.devtools.CdpVersionFinder findNearestMatch
WARNING: Unable to find an exact match for CDP version 126, returning the closest version; found: 125; Please update to a Selenium version that supports CDP version 126
]]></system-err>
  </testcase>
  <testcase name="runScenario[&quot;User views admin-uploaded file&quot;, &quot;All Tests&quot;](7)" classname="cuccumbersOptions.TestNGRunner" time="35.755">
    <system-out><![CDATA[
Scenario: User views admin-uploaded file # src/test/java/features/AllTests.feature:39
19:10:25.468 [main] DEBUG io.github.bonigarcia.wdm.WebDriverManager -- Using WebDriverManager 5.8.0
19:10:25.488 [main] DEBUG io.github.bonigarcia.wdm.cache.ResolutionCache -- Resolution chrome=126 in cache (valid until 20:01:41 27/06/2024 PDT)
19:10:25.490 [main] DEBUG io.github.bonigarcia.wdm.cache.ResolutionCache -- Resolution chrome126=126.0.6478.126 in cache (valid until 16:25:31 28/06/2024 PDT)
19:10:25.490 [main] INFO io.github.bonigarcia.wdm.WebDriverManager -- Using chromedriver 126.0.6478.126 (resolved driver for Chrome 126)
19:10:25.504 [main] DEBUG io.github.bonigarcia.wdm.WebDriverManager -- Driver chromedriver 126.0.6478.126 found in cache
19:10:25.505 [main] INFO io.github.bonigarcia.wdm.WebDriverManager -- Exporting webdriver.chrome.driver as C:\Users\Marcus\.cache\selenium\chromedriver\win64\126.0.6478.126\chromedriver.exe
  Given User visits home page            # stepDefinitions.AllTests.user_visits_homepage()
  When User logs in                      # stepDefinitions.AllTests.user_logs_in()
Admin module not present for user
  Then User cannot click admin panel     # stepDefinitions.AllTests.user_cannot_click_admin_panel()
]]></system-out>
    <system-err><![CDATA[Jun 27, 2024 7:10:26 P.M. org.openqa.selenium.devtools.CdpVersionFinder findNearestMatch
WARNING: Unable to find an exact match for CDP version 126, returning the closest version; found: 125; Please update to a Selenium version that supports CDP version 126
]]></system-err>
  </testcase>
  <testcase name="runScenario[&quot;User encrypts file&quot;, &quot;All Tests&quot;](8)" classname="cuccumbersOptions.TestNGRunner" time="8.736">
    <system-out><![CDATA[
Scenario: User encrypts file              # src/test/java/features/AllTests.feature:44
19:11:01.223 [main] DEBUG io.github.bonigarcia.wdm.WebDriverManager -- Using WebDriverManager 5.8.0
19:11:01.239 [main] DEBUG io.github.bonigarcia.wdm.cache.ResolutionCache -- Resolution chrome=126 in cache (valid until 20:01:41 27/06/2024 PDT)
19:11:01.241 [main] DEBUG io.github.bonigarcia.wdm.cache.ResolutionCache -- Resolution chrome126=126.0.6478.126 in cache (valid until 16:25:31 28/06/2024 PDT)
19:11:01.241 [main] INFO io.github.bonigarcia.wdm.WebDriverManager -- Using chromedriver 126.0.6478.126 (resolved driver for Chrome 126)
19:11:01.254 [main] DEBUG io.github.bonigarcia.wdm.WebDriverManager -- Driver chromedriver 126.0.6478.126 found in cache
19:11:01.255 [main] INFO io.github.bonigarcia.wdm.WebDriverManager -- Exporting webdriver.chrome.driver as C:\Users\Marcus\.cache\selenium\chromedriver\win64\126.0.6478.126\chromedriver.exe
  Given User visits home page             # stepDefinitions.AllTests.user_visits_homepage()
  When Employee logs in                   # stepDefinitions.AllTests.employee_logs_in()
  When User selects encryption            # stepDefinitions.AllTests.user_selects_encryption()
  When User uploads unencrypted file      # stepDefinitions.AllTests.user_uploads_unencrypted_file()
  When User enters correct encryption key # stepDefinitions.AllTests.user_enters_correct_encryption_key()
  Then User can encrypt file              # stepDefinitions.AllTests.user_can_encrypt_file()
]]></system-out>
    <system-err><![CDATA[Jun 27, 2024 7:11:02 P.M. org.openqa.selenium.devtools.CdpVersionFinder findNearestMatch
WARNING: Unable to find an exact match for CDP version 126, returning the closest version; found: 125; Please update to a Selenium version that supports CDP version 126
]]></system-err>
  </testcase>
  <testcase name="runScenario[&quot;User decrypts file&quot;, &quot;All Tests&quot;](9)" classname="cuccumbersOptions.TestNGRunner" time="7.785">
    <failure message="expected [true] but found [false]" type="java.lang.AssertionError"><![CDATA[java.lang.AssertionError: expected [true] but found [false]
	at org.testng.Assert.fail(Assert.java:111)
	at org.testng.Assert.failNotEquals(Assert.java:1578)
	at org.testng.Assert.assertTrue(Assert.java:57)
	at org.testng.Assert.assertTrue(Assert.java:67)
	at stepDefinitions.AllTests.user_can_decrypt_file(AllTests.java:456)
	at ✽.User can decrypt file(file:///C:/Users/Marcus/Desktop/SUMMER%202024/SENG%20426/crypto-testing/src/test/java/features/AllTests.feature:58)
]]></failure>
    <system-out><![CDATA[
Scenario: User decrypts file              # src/test/java/features/AllTests.feature:52
19:11:09.976 [main] DEBUG io.github.bonigarcia.wdm.WebDriverManager -- Using WebDriverManager 5.8.0
19:11:10.017 [main] DEBUG io.github.bonigarcia.wdm.cache.ResolutionCache -- Resolution chrome=126 in cache (valid until 20:01:41 27/06/2024 PDT)
19:11:10.018 [main] DEBUG io.github.bonigarcia.wdm.cache.ResolutionCache -- Resolution chrome126=126.0.6478.126 in cache (valid until 16:25:31 28/06/2024 PDT)
19:11:10.018 [main] INFO io.github.bonigarcia.wdm.WebDriverManager -- Using chromedriver 126.0.6478.126 (resolved driver for Chrome 126)
19:11:10.039 [main] DEBUG io.github.bonigarcia.wdm.WebDriverManager -- Driver chromedriver 126.0.6478.126 found in cache
19:11:10.044 [main] INFO io.github.bonigarcia.wdm.WebDriverManager -- Exporting webdriver.chrome.driver as C:\Users\Marcus\.cache\selenium\chromedriver\win64\126.0.6478.126\chromedriver.exe
  Given User visits home page             # stepDefinitions.AllTests.user_visits_homepage()
  When Employee logs in                   # stepDefinitions.AllTests.employee_logs_in()
  When User selects decryption            # stepDefinitions.AllTests.user_selects_decryption()
  When User uploads encrypted file        # stepDefinitions.AllTests.user_uploads_encrypted_file()
  When User enters correct decryption key # stepDefinitions.AllTests.user_enters_correct_decryption_key()
  Then User can decrypt file              # stepDefinitions.AllTests.user_can_decrypt_file()
      java.lang.AssertionError: expected [true] but found [false]
	at org.testng.Assert.fail(Assert.java:111)
	at org.testng.Assert.failNotEquals(Assert.java:1578)
	at org.testng.Assert.assertTrue(Assert.java:57)
	at org.testng.Assert.assertTrue(Assert.java:67)
	at stepDefinitions.AllTests.user_can_decrypt_file(AllTests.java:456)
	at ✽.User can decrypt file(file:///C:/Users/Marcus/Desktop/SUMMER%202024/SENG%20426/crypto-testing/src/test/java/features/AllTests.feature:58)

]]></system-out>
    <system-err><![CDATA[Jun 27, 2024 7:11:11 P.M. org.openqa.selenium.devtools.CdpVersionFinder findNearestMatch
WARNING: Unable to find an exact match for CDP version 126, returning the closest version; found: 125; Please update to a Selenium version that supports CDP version 126
]]></system-err>
  </testcase>
  <testcase name="runScenario[&quot;User encrypts file with incorrect key&quot;, &quot;All Tests&quot;](10)" classname="cuccumbersOptions.TestNGRunner" time="7.073">
    <system-out><![CDATA[
Scenario: User encrypts file with incorrect key # src/test/java/features/AllTests.feature:60
19:11:17.750 [main] DEBUG io.github.bonigarcia.wdm.WebDriverManager -- Using WebDriverManager 5.8.0
19:11:17.773 [main] DEBUG io.github.bonigarcia.wdm.cache.ResolutionCache -- Resolution chrome=126 in cache (valid until 20:01:41 27/06/2024 PDT)
19:11:17.775 [main] DEBUG io.github.bonigarcia.wdm.cache.ResolutionCache -- Resolution chrome126=126.0.6478.126 in cache (valid until 16:25:31 28/06/2024 PDT)
19:11:17.775 [main] INFO io.github.bonigarcia.wdm.WebDriverManager -- Using chromedriver 126.0.6478.126 (resolved driver for Chrome 126)
19:11:17.792 [main] DEBUG io.github.bonigarcia.wdm.WebDriverManager -- Driver chromedriver 126.0.6478.126 found in cache
19:11:17.794 [main] INFO io.github.bonigarcia.wdm.WebDriverManager -- Exporting webdriver.chrome.driver as C:\Users\Marcus\.cache\selenium\chromedriver\win64\126.0.6478.126\chromedriver.exe
  Given User visits home page                   # stepDefinitions.AllTests.user_visits_homepage()
  When Employee logs in                         # stepDefinitions.AllTests.employee_logs_in()
  When User selects encryption                  # stepDefinitions.AllTests.user_selects_encryption()
  When User uploads unencrypted file            # stepDefinitions.AllTests.user_uploads_unencrypted_file()
  When User enters incorrect encryption key     # stepDefinitions.AllTests.user_enters_incorrect_encryption_key()
  Then User cannot encrypt file                 # stepDefinitions.AllTests.user_cannot_encrypt_file()
]]></system-out>
    <system-err><![CDATA[Jun 27, 2024 7:11:19 P.M. org.openqa.selenium.devtools.CdpVersionFinder findNearestMatch
WARNING: Unable to find an exact match for CDP version 126, returning the closest version; found: 125; Please update to a Selenium version that supports CDP version 126
]]></system-err>
  </testcase>
  <testcase name="runScenario[&quot;Admin views admin-uploaded file&quot;, &quot;All Tests&quot;](11)" classname="cuccumbersOptions.TestNGRunner" time="6.077">
    <system-out><![CDATA[
Scenario: Admin views admin-uploaded file    # src/test/java/features/AllTests.feature:68
19:11:24.828 [main] DEBUG io.github.bonigarcia.wdm.WebDriverManager -- Using WebDriverManager 5.8.0
19:11:24.845 [main] DEBUG io.github.bonigarcia.wdm.cache.ResolutionCache -- Resolution chrome=126 in cache (valid until 20:01:41 27/06/2024 PDT)
19:11:24.846 [main] DEBUG io.github.bonigarcia.wdm.cache.ResolutionCache -- Resolution chrome126=126.0.6478.126 in cache (valid until 16:25:31 28/06/2024 PDT)
19:11:24.846 [main] INFO io.github.bonigarcia.wdm.WebDriverManager -- Using chromedriver 126.0.6478.126 (resolved driver for Chrome 126)
19:11:24.858 [main] DEBUG io.github.bonigarcia.wdm.WebDriverManager -- Driver chromedriver 126.0.6478.126 found in cache
19:11:24.860 [main] INFO io.github.bonigarcia.wdm.WebDriverManager -- Exporting webdriver.chrome.driver as C:\Users\Marcus\.cache\selenium\chromedriver\win64\126.0.6478.126\chromedriver.exe
  Given Admin visits home page to log in     # stepDefinitions.AllTests.admin_visits_on_the_homepage()
  When Admin logs in                         # stepDefinitions.AllTests.admin_logs_in()
  When Admin panel Resources tab is selected # stepDefinitions.AllTests.admin_panel_resources_tab_is_selected()
  Then Admin-uploaded files are visible      # stepDefinitions.AllTests.admin_uploaded_files_are_visible()
]]></system-out>
    <system-err><![CDATA[Jun 27, 2024 7:11:26 P.M. org.openqa.selenium.devtools.CdpVersionFinder findNearestMatch
WARNING: Unable to find an exact match for CDP version 126, returning the closest version; found: 125; Please update to a Selenium version that supports CDP version 126
]]></system-err>
  </testcase>
  <testcase name="runScenario[&quot;Employee views admin-uploaded file&quot;, &quot;All Tests&quot;](12)" classname="cuccumbersOptions.TestNGRunner" time="35.131">
    <failure message="Expected condition failed: waiting for element to be clickable: By.cssSelector: div #collapsibleNavId ul li:nth-child(8) a (tried for 30 second(s) with 500 milliseconds interval)&#10;Build info: version: &apos;4.21.0&apos;, revision: &apos;79ed462ef4&apos;&#10;System info: os.name: &apos;Windows 10&apos;, os.arch: &apos;amd64&apos;, os.version: &apos;10.0&apos;, java.version: &apos;21.0.2&apos;&#10;Driver info: org.openqa.selenium.chrome.ChromeDriver&#10;Capabilities {acceptInsecureCerts: false, browserName: chrome, browserVersion: 126.0.6478.127, chrome: {chromedriverVersion: 126.0.6478.126 (d36ace6122e..., userDataDir: C:\Users\Marcus\AppData\Loc...}, fedcm:accounts: true, goog:chromeOptions: {debuggerAddress: localhost:50615}, networkConnectionEnabled: false, pageLoadStrategy: normal, platformName: windows, proxy: Proxy(), se:cdp: ws://localhost:50615/devtoo..., se:cdpVersion: 126.0.6478.127, setWindowRect: true, strictFileInteractability: false, timeouts: {implicit: 0, pageLoad: 300000, script: 30000}, unhandledPromptBehavior: dismiss and notify, webauthn:extension:credBlob: true, webauthn:extension:largeBlob: true, webauthn:extension:minPinLength: true, webauthn:extension:prf: true, webauthn:virtualAuthenticators: true}&#10;Session ID: 4f8381e7eceff20d688f59f95d76c523" type="org.openqa.selenium.TimeoutException"><![CDATA[org.openqa.selenium.TimeoutException: 
Expected condition failed: waiting for element to be clickable: By.cssSelector: div #collapsibleNavId ul li:nth-child(8) a (tried for 30 second(s) with 500 milliseconds interval)
Build info: version: '4.21.0', revision: '79ed462ef4'
System info: os.name: 'Windows 10', os.arch: 'amd64', os.version: '10.0', java.version: '21.0.2'
Driver info: org.openqa.selenium.chrome.ChromeDriver
Capabilities {acceptInsecureCerts: false, browserName: chrome, browserVersion: 126.0.6478.127, chrome: {chromedriverVersion: 126.0.6478.126 (d36ace6122e..., userDataDir: C:\Users\Marcus\AppData\Loc...}, fedcm:accounts: true, goog:chromeOptions: {debuggerAddress: localhost:50615}, networkConnectionEnabled: false, pageLoadStrategy: normal, platformName: windows, proxy: Proxy(), se:cdp: ws://localhost:50615/devtoo..., se:cdpVersion: 126.0.6478.127, setWindowRect: true, strictFileInteractability: false, timeouts: {implicit: 0, pageLoad: 300000, script: 30000}, unhandledPromptBehavior: dismiss and notify, webauthn:extension:credBlob: true, webauthn:extension:largeBlob: true, webauthn:extension:minPinLength: true, webauthn:extension:prf: true, webauthn:virtualAuthenticators: true}
Session ID: 4f8381e7eceff20d688f59f95d76c523
	at org.openqa.selenium.support.ui.WebDriverWait.timeoutException(WebDriverWait.java:84)
	at org.openqa.selenium.support.ui.FluentWait.until(FluentWait.java:228)
	at stepDefinitions.AllTests.admin_panel_resources_tab_is_selected(AllTests.java:351)
	at ✽.Admin panel Resources tab is selected(file:///C:/Users/Marcus/Desktop/SUMMER%202024/SENG%20426/crypto-testing/src/test/java/features/AllTests.feature:77)
]]></failure>
    <system-out><![CDATA[
Scenario: Employee views admin-uploaded file # src/test/java/features/AllTests.feature:74
19:11:30.913 [main] DEBUG io.github.bonigarcia.wdm.WebDriverManager -- Using WebDriverManager 5.8.0
19:11:30.930 [main] DEBUG io.github.bonigarcia.wdm.cache.ResolutionCache -- Resolution chrome=126 in cache (valid until 20:01:41 27/06/2024 PDT)
19:11:30.932 [main] DEBUG io.github.bonigarcia.wdm.cache.ResolutionCache -- Resolution chrome126=126.0.6478.126 in cache (valid until 16:25:31 28/06/2024 PDT)
19:11:30.932 [main] INFO io.github.bonigarcia.wdm.WebDriverManager -- Using chromedriver 126.0.6478.126 (resolved driver for Chrome 126)
19:11:30.945 [main] DEBUG io.github.bonigarcia.wdm.WebDriverManager -- Driver chromedriver 126.0.6478.126 found in cache
19:11:30.945 [main] INFO io.github.bonigarcia.wdm.WebDriverManager -- Exporting webdriver.chrome.driver as C:\Users\Marcus\.cache\selenium\chromedriver\win64\126.0.6478.126\chromedriver.exe
  Given User visits home page                # stepDefinitions.AllTests.user_visits_homepage()
  When Employee logs in                      # stepDefinitions.AllTests.employee_logs_in()
  When Admin panel Resources tab is selected # stepDefinitions.AllTests.admin_panel_resources_tab_is_selected()
      org.openqa.selenium.TimeoutException: Expected condition failed: waiting for element to be clickable: By.cssSelector: div #collapsibleNavId ul li:nth-child(8) a (tried for 30 second(s) with 500 milliseconds interval)
Build info: version: '4.21.0', revision: '79ed462ef4'
System info: os.name: 'Windows 10', os.arch: 'amd64', os.version: '10.0', java.version: '21.0.2'
Driver info: org.openqa.selenium.chrome.ChromeDriver
Capabilities {acceptInsecureCerts: false, browserName: chrome, browserVersion: 126.0.6478.127, chrome: {chromedriverVersion: 126.0.6478.126 (d36ace6122e..., userDataDir: C:\Users\Marcus\AppData\Loc...}, fedcm:accounts: true, goog:chromeOptions: {debuggerAddress: localhost:50615}, networkConnectionEnabled: false, pageLoadStrategy: normal, platformName: windows, proxy: Proxy(), se:cdp: ws://localhost:50615/devtoo..., se:cdpVersion: 126.0.6478.127, setWindowRect: true, strictFileInteractability: false, timeouts: {implicit: 0, pageLoad: 300000, script: 30000}, unhandledPromptBehavior: dismiss and notify, webauthn:extension:credBlob: true, webauthn:extension:largeBlob: true, webauthn:extension:minPinLength: true, webauthn:extension:prf: true, webauthn:virtualAuthenticators: true}
Session ID: 4f8381e7eceff20d688f59f95d76c523
	at org.openqa.selenium.support.ui.WebDriverWait.timeoutException(WebDriverWait.java:84)
	at org.openqa.selenium.support.ui.FluentWait.until(FluentWait.java:228)
	at stepDefinitions.AllTests.admin_panel_resources_tab_is_selected(AllTests.java:351)
	at ✽.Admin panel Resources tab is selected(file:///C:/Users/Marcus/Desktop/SUMMER%202024/SENG%20426/crypto-testing/src/test/java/features/AllTests.feature:77)

  Then Admin-uploaded files are visible      # stepDefinitions.AllTests.admin_uploaded_files_are_visible()
]]></system-out>
    <system-err><![CDATA[Jun 27, 2024 7:11:32 P.M. org.openqa.selenium.devtools.CdpVersionFinder findNearestMatch
WARNING: Unable to find an exact match for CDP version 126, returning the closest version; found: 125; Please update to a Selenium version that supports CDP version 126
]]></system-err>
  </testcase>
  <testcase name="runScenario[&quot;User views admin-uploaded file&quot;, &quot;All Tests&quot;](13)" classname="cuccumbersOptions.TestNGRunner" time="35.424">
    <system-out><![CDATA[
Scenario: User views admin-uploaded file # src/test/java/features/AllTests.feature:80
19:12:06.032 [main] DEBUG io.github.bonigarcia.wdm.WebDriverManager -- Using WebDriverManager 5.8.0
19:12:06.048 [main] DEBUG io.github.bonigarcia.wdm.cache.ResolutionCache -- Resolution chrome=126 in cache (valid until 20:01:41 27/06/2024 PDT)
19:12:06.049 [main] DEBUG io.github.bonigarcia.wdm.cache.ResolutionCache -- Resolution chrome126=126.0.6478.126 in cache (valid until 16:25:31 28/06/2024 PDT)
19:12:06.049 [main] INFO io.github.bonigarcia.wdm.WebDriverManager -- Using chromedriver 126.0.6478.126 (resolved driver for Chrome 126)
19:12:06.057 [main] DEBUG io.github.bonigarcia.wdm.WebDriverManager -- Driver chromedriver 126.0.6478.126 found in cache
19:12:06.058 [main] INFO io.github.bonigarcia.wdm.WebDriverManager -- Exporting webdriver.chrome.driver as C:\Users\Marcus\.cache\selenium\chromedriver\win64\126.0.6478.126\chromedriver.exe
  Given User visits home page            # stepDefinitions.AllTests.user_visits_homepage()
  When User logs in                      # stepDefinitions.AllTests.user_logs_in()
Admin module not present for user
  When User cannot click admin panel     # stepDefinitions.AllTests.user_cannot_click_admin_panel()
]]></system-out>
    <system-err><![CDATA[Jun 27, 2024 7:12:07 P.M. org.openqa.selenium.devtools.CdpVersionFinder findNearestMatch
WARNING: Unable to find an exact match for CDP version 126, returning the closest version; found: 125; Please update to a Selenium version that supports CDP version 126
]]></system-err>
  </testcase>
</testsuite>