<?xml version="1.0" encoding="UTF-8"?>
<testsuite xmlns:xsi="http://www.w3.org/2001/XMLSchema-instance" xsi:noNamespaceSchemaLocation="https://maven.apache.org/surefire/maven-surefire-plugin/xsd/surefire-test-report-3.0.xsd" version="3.0" name="TestSuite" time="207.55" tests="12" errors="0" skipped="0" failures="4">
  <properties>
[...]
</properties>
  <testcase name="runScenario[&quot;Check that Sign Up Scenario works successfully&quot;, &quot;All Tests&quot;](1)" classname="cuccumbersOptions.TestNGRunner" time="12.671">
    <system-out><![CDATA[
Scenario: Check that Sign Up Scenario works successfully                      # src/test/java/features/AllTests.feature:2
17:35:41.307 [main] DEBUG io.github.bonigarcia.wdm.WebDriverManager -- Using WebDriverManager 5.8.0
17:35:42.071 [main] DEBUG io.github.bonigarcia.wdm.cache.ResolutionCache -- Resolution chrome=126 in cache (valid until 17:47:12 27/06/2024 PDT)
17:35:42.073 [main] DEBUG io.github.bonigarcia.wdm.cache.ResolutionCache -- Resolution chrome126=126.0.6478.126 in cache (valid until 16:25:31 28/06/2024 PDT)
17:35:42.075 [main] INFO io.github.bonigarcia.wdm.WebDriverManager -- Using chromedriver 126.0.6478.126 (resolved driver for Chrome 126)
17:35:42.124 [main] DEBUG io.github.bonigarcia.wdm.WebDriverManager -- Driver chromedriver 126.0.6478.126 found in cache
17:35:42.126 [main] INFO io.github.bonigarcia.wdm.WebDriverManager -- Exporting webdriver.chrome.driver as C:\Users\Marcus\.cache\selenium\chromedriver\win64\126.0.6478.126\chromedriver.exe
  Given User visits home page to sign up                                      # stepDefinitions.AllTests.user_visits_on_the_homepage()
  When User clicks on Sign Up Button                                          # stepDefinitions.AllTests.user_clicks_on_sign_up_button()
  When User inputs name, email, password, confirm password and selects a role # stepDefinitions.AllTests.user_inputs_name_email_password_and_confirm_password()
  When User clicks submit sign up button                                      # stepDefinitions.AllTests.user_clicks_submit_sign_up_button()
  Then User receives a sign up success message                                # stepDefinitions.AllTests.user_receives_a_sign_up_success_message()
]]></system-out>
    <system-err><![CDATA[Jun 27, 2024 5:35:44 P.M. org.openqa.selenium.devtools.CdpVersionFinder findNearestMatch
WARNING: Unable to find an exact match for CDP version 126, returning the closest version; found: 125; Please update to a Selenium version that supports CDP version 126
]]></system-err>
  </testcase>
  <testcase name="runScenario[&quot;Admin approves a new user&quot;, &quot;All Tests&quot;](2)" classname="cuccumbersOptions.TestNGRunner" time="7.985">
    <system-out><![CDATA[
Scenario: Admin approves a new user                           # src/test/java/features/AllTests.feature:9
17:35:53.325 [main] DEBUG io.github.bonigarcia.wdm.WebDriverManager -- Using WebDriverManager 5.8.0
17:35:53.349 [main] DEBUG io.github.bonigarcia.wdm.cache.ResolutionCache -- Resolution chrome=126 in cache (valid until 17:47:12 27/06/2024 PDT)
17:35:53.350 [main] DEBUG io.github.bonigarcia.wdm.cache.ResolutionCache -- Resolution chrome126=126.0.6478.126 in cache (valid until 16:25:31 28/06/2024 PDT)
17:35:53.351 [main] INFO io.github.bonigarcia.wdm.WebDriverManager -- Using chromedriver 126.0.6478.126 (resolved driver for Chrome 126)
17:35:53.368 [main] DEBUG io.github.bonigarcia.wdm.WebDriverManager -- Driver chromedriver 126.0.6478.126 found in cache
17:35:53.371 [main] INFO io.github.bonigarcia.wdm.WebDriverManager -- Exporting webdriver.chrome.driver as C:\Users\Marcus\.cache\selenium\chromedriver\win64\126.0.6478.126\chromedriver.exe
  Given Admin visits home page to approve a user              # stepDefinitions.AllTests.admin_visits_home_page_to_approve_a_user()
  When Admin clicks on login button to approve a user         # stepDefinitions.AllTests.admin_clicks_on_login_button_to_approve_a_user()
  When Admin logins with email and password to approve a user # stepDefinitions.AllTests.admin_logins_with_email_and_password_to_approve_a_user()
  When Admin visits Admin Panel to approve a user             # stepDefinitions.AllTests.admin_visits_admin_panel_to_approve_a_user()
  When Admin clicks on New Accounts tab                       # stepDefinitions.AllTests.admin_clicks_on_new_accounts_tab()
Approve button is found and is clickable.
Exception occurred: Element should have been "select" but was "a"
Build info: version: '4.21.0', revision: '79ed462ef4'
System info: os.name: 'Windows 10', os.arch: 'amd64', os.version: '10.0', java.version: '21.0.2'
Driver info: driver.version: unknown
  Then Admin approves the first new user                      # stepDefinitions.AllTests.admin_approves_the_new_user()
]]></system-out>
    <system-err><![CDATA[Jun 27, 2024 5:35:54 P.M. org.openqa.selenium.devtools.CdpVersionFinder findNearestMatch
WARNING: Unable to find an exact match for CDP version 126, returning the closest version; found: 125; Please update to a Selenium version that supports CDP version 126
]]></system-err>
  </testcase>
  <testcase name="runScenario[&quot;User without account attempts to use encryption&quot;, &quot;All Tests&quot;](3)" classname="cuccumbersOptions.TestNGRunner" time="3.008">
    <system-out><![CDATA[
Scenario: User without account attempts to use encryption # src/test/java/features/AllTests.feature:17
17:36:01.321 [main] DEBUG io.github.bonigarcia.wdm.WebDriverManager -- Using WebDriverManager 5.8.0
17:36:01.343 [main] DEBUG io.github.bonigarcia.wdm.cache.ResolutionCache -- Resolution chrome=126 in cache (valid until 17:47:12 27/06/2024 PDT)
17:36:01.344 [main] DEBUG io.github.bonigarcia.wdm.cache.ResolutionCache -- Resolution chrome126=126.0.6478.126 in cache (valid until 16:25:31 28/06/2024 PDT)
17:36:01.344 [main] INFO io.github.bonigarcia.wdm.WebDriverManager -- Using chromedriver 126.0.6478.126 (resolved driver for Chrome 126)
17:36:01.356 [main] DEBUG io.github.bonigarcia.wdm.WebDriverManager -- Driver chromedriver 126.0.6478.126 found in cache
17:36:01.358 [main] INFO io.github.bonigarcia.wdm.WebDriverManager -- Exporting webdriver.chrome.driver as C:\Users\Marcus\.cache\selenium\chromedriver\win64\126.0.6478.126\chromedriver.exe
  Given User visits home page                             # stepDefinitions.AllTests.user_visits_homepage()
  When User selects encryption                            # stepDefinitions.AllTests.user_selects_encryption()
  Then Login popup appears                                # stepDefinitions.AllTests.login_popup_appears()
]]></system-out>
    <system-err><![CDATA[Jun 27, 2024 5:36:02 P.M. org.openqa.selenium.devtools.CdpVersionFinder findNearestMatch
WARNING: Unable to find an exact match for CDP version 126, returning the closest version; found: 125; Please update to a Selenium version that supports CDP version 126
]]></system-err>
  </testcase>
  <testcase name="runScenario[&quot;User without account attempts to use decryption&quot;, &quot;All Tests&quot;](4)" classname="cuccumbersOptions.TestNGRunner" time="3.724">
    <system-out><![CDATA[
Scenario: User without account attempts to use decryption # src/test/java/features/AllTests.feature:22
17:36:04.323 [main] DEBUG io.github.bonigarcia.wdm.WebDriverManager -- Using WebDriverManager 5.8.0
17:36:04.346 [main] DEBUG io.github.bonigarcia.wdm.cache.ResolutionCache -- Resolution chrome=126 in cache (valid until 17:47:12 27/06/2024 PDT)
17:36:04.348 [main] DEBUG io.github.bonigarcia.wdm.cache.ResolutionCache -- Resolution chrome126=126.0.6478.126 in cache (valid until 16:25:31 28/06/2024 PDT)
17:36:04.348 [main] INFO io.github.bonigarcia.wdm.WebDriverManager -- Using chromedriver 126.0.6478.126 (resolved driver for Chrome 126)
17:36:04.364 [main] DEBUG io.github.bonigarcia.wdm.WebDriverManager -- Driver chromedriver 126.0.6478.126 found in cache
17:36:04.365 [main] INFO io.github.bonigarcia.wdm.WebDriverManager -- Exporting webdriver.chrome.driver as C:\Users\Marcus\.cache\selenium\chromedriver\win64\126.0.6478.126\chromedriver.exe
  Given User visits home page                             # stepDefinitions.AllTests.user_visits_homepage()
  When User selects decryption                            # stepDefinitions.AllTests.user_selects_decryption()
  Then Login popup appears                                # stepDefinitions.AllTests.login_popup_appears()
]]></system-out>
    <system-err><![CDATA[Jun 27, 2024 5:36:05 P.M. org.openqa.selenium.devtools.CdpVersionFinder findNearestMatch
WARNING: Unable to find an exact match for CDP version 126, returning the closest version; found: 125; Please update to a Selenium version that supports CDP version 126
]]></system-err>
  </testcase>
  <testcase name="runScenario[&quot;User performs role change&quot;, &quot;All Tests&quot;](5)" classname="cuccumbersOptions.TestNGRunner" time="34.851">
    <system-out><![CDATA[
Scenario: User performs role change  # src/test/java/features/AllTests.feature:28
17:36:08.055 [main] DEBUG io.github.bonigarcia.wdm.WebDriverManager -- Using WebDriverManager 5.8.0
17:36:08.072 [main] DEBUG io.github.bonigarcia.wdm.cache.ResolutionCache -- Resolution chrome=126 in cache (valid until 17:47:12 27/06/2024 PDT)
17:36:08.074 [main] DEBUG io.github.bonigarcia.wdm.cache.ResolutionCache -- Resolution chrome126=126.0.6478.126 in cache (valid until 16:25:31 28/06/2024 PDT)
17:36:08.074 [main] INFO io.github.bonigarcia.wdm.WebDriverManager -- Using chromedriver 126.0.6478.126 (resolved driver for Chrome 126)
17:36:08.086 [main] DEBUG io.github.bonigarcia.wdm.WebDriverManager -- Driver chromedriver 126.0.6478.126 found in cache
17:36:08.087 [main] INFO io.github.bonigarcia.wdm.WebDriverManager -- Exporting webdriver.chrome.driver as C:\Users\Marcus\.cache\selenium\chromedriver\win64\126.0.6478.126\chromedriver.exe
  Given User visits home page        # stepDefinitions.AllTests.user_visits_homepage()
  When Employee logs in              # stepDefinitions.AllTests.employee_logs_in()
Admin module not present for user
  Then User cannot click admin panel # stepDefinitions.AllTests.user_cannot_click_admin_panel()
]]></system-out>
    <system-err><![CDATA[Jun 27, 2024 5:36:09 P.M. org.openqa.selenium.devtools.CdpVersionFinder findNearestMatch
WARNING: Unable to find an exact match for CDP version 126, returning the closest version; found: 125; Please update to a Selenium version that supports CDP version 126
]]></system-err>
  </testcase>
  <testcase name="runScenario[&quot;Admin performs role change&quot;, &quot;All Tests&quot;](6)" classname="cuccumbersOptions.TestNGRunner" time="36.721">
    <failure message="Expected condition failed: waiting for element to be clickable: By.cssSelector: #pr_id_5-table &gt; tbody:nth-child(2) &gt; tr:nth-child(3) &gt; td:nth-child(6) &gt; div:nth-child(1) &gt; button:nth-child(1) (tried for 30 second(s) with 500 milliseconds interval)&#10;Build info: version: &apos;4.21.0&apos;, revision: &apos;79ed462ef4&apos;&#10;System info: os.name: &apos;Windows 10&apos;, os.arch: &apos;amd64&apos;, os.version: &apos;10.0&apos;, java.version: &apos;21.0.2&apos;&#10;Driver info: org.openqa.selenium.chrome.ChromeDriver&#10;Capabilities {acceptInsecureCerts: false, browserName: chrome, browserVersion: 126.0.6478.127, chrome: {chromedriverVersion: 126.0.6478.126 (d36ace6122e..., userDataDir: C:\Users\Marcus\AppData\Loc...}, fedcm:accounts: true, goog:chromeOptions: {debuggerAddress: localhost:56327}, networkConnectionEnabled: false, pageLoadStrategy: normal, platformName: windows, proxy: Proxy(), se:cdp: ws://localhost:56327/devtoo..., se:cdpVersion: 126.0.6478.127, setWindowRect: true, strictFileInteractability: false, timeouts: {implicit: 0, pageLoad: 300000, script: 30000}, unhandledPromptBehavior: dismiss and notify, webauthn:extension:credBlob: true, webauthn:extension:largeBlob: true, webauthn:extension:minPinLength: true, webauthn:extension:prf: true, webauthn:virtualAuthenticators: true}&#10;Session ID: 818d58c1fc8c42ebac23bdca009ebe9a" type="org.openqa.selenium.TimeoutException"><![CDATA[org.openqa.selenium.TimeoutException: 
Expected condition failed: waiting for element to be clickable: By.cssSelector: #pr_id_5-table > tbody:nth-child(2) > tr:nth-child(3) > td:nth-child(6) > div:nth-child(1) > button:nth-child(1) (tried for 30 second(s) with 500 milliseconds interval)
Build info: version: '4.21.0', revision: '79ed462ef4'
System info: os.name: 'Windows 10', os.arch: 'amd64', os.version: '10.0', java.version: '21.0.2'
Driver info: org.openqa.selenium.chrome.ChromeDriver
Capabilities {acceptInsecureCerts: false, browserName: chrome, browserVersion: 126.0.6478.127, chrome: {chromedriverVersion: 126.0.6478.126 (d36ace6122e..., userDataDir: C:\Users\Marcus\AppData\Loc...}, fedcm:accounts: true, goog:chromeOptions: {debuggerAddress: localhost:56327}, networkConnectionEnabled: false, pageLoadStrategy: normal, platformName: windows, proxy: Proxy(), se:cdp: ws://localhost:56327/devtoo..., se:cdpVersion: 126.0.6478.127, setWindowRect: true, strictFileInteractability: false, timeouts: {implicit: 0, pageLoad: 300000, script: 30000}, unhandledPromptBehavior: dismiss and notify, webauthn:extension:credBlob: true, webauthn:extension:largeBlob: true, webauthn:extension:minPinLength: true, webauthn:extension:prf: true, webauthn:virtualAuthenticators: true}
Session ID: 818d58c1fc8c42ebac23bdca009ebe9a
	at org.openqa.selenium.support.ui.WebDriverWait.timeoutException(WebDriverWait.java:84)
	at org.openqa.selenium.support.ui.FluentWait.until(FluentWait.java:228)
	at stepDefinitions.AllTests.role_is_edited(AllTests.java:291)
	at ✽.Role is edited(file:///C:/Users/Marcus/Desktop/SUMMER%202024/SENG%20426/crypto-testing/src/test/java/features/AllTests.feature:37)
]]></failure>
    <system-out><![CDATA[
Scenario: Admin performs role change     # src/test/java/features/AllTests.feature:33
17:36:42.945 [main] DEBUG io.github.bonigarcia.wdm.WebDriverManager -- Using WebDriverManager 5.8.0
17:36:42.963 [main] DEBUG io.github.bonigarcia.wdm.cache.ResolutionCache -- Resolution chrome=126 in cache (valid until 17:47:12 27/06/2024 PDT)
17:36:42.964 [main] DEBUG io.github.bonigarcia.wdm.cache.ResolutionCache -- Resolution chrome126=126.0.6478.126 in cache (valid until 16:25:31 28/06/2024 PDT)
17:36:42.964 [main] INFO io.github.bonigarcia.wdm.WebDriverManager -- Using chromedriver 126.0.6478.126 (resolved driver for Chrome 126)
17:36:42.976 [main] DEBUG io.github.bonigarcia.wdm.WebDriverManager -- Driver chromedriver 126.0.6478.126 found in cache
17:36:42.977 [main] INFO io.github.bonigarcia.wdm.WebDriverManager -- Exporting webdriver.chrome.driver as C:\Users\Marcus\.cache\selenium\chromedriver\win64\126.0.6478.126\chromedriver.exe
  Given Admin visits home page to log in # stepDefinitions.AllTests.admin_visits_on_the_homepage()
  When Admin logs in                     # stepDefinitions.AllTests.admin_logs_in()
  When Admin goes to edit role           # stepDefinitions.AllTests.admin_goes_to_edit_role()
  Then Role is edited                    # stepDefinitions.AllTests.role_is_edited()
      org.openqa.selenium.TimeoutException: Expected condition failed: waiting for element to be clickable: By.cssSelector: #pr_id_5-table > tbody:nth-child(2) > tr:nth-child(3) > td:nth-child(6) > div:nth-child(1) > button:nth-child(1) (tried for 30 second(s) with 500 milliseconds interval)
Build info: version: '4.21.0', revision: '79ed462ef4'
System info: os.name: 'Windows 10', os.arch: 'amd64', os.version: '10.0', java.version: '21.0.2'
Driver info: org.openqa.selenium.chrome.ChromeDriver
Capabilities {acceptInsecureCerts: false, browserName: chrome, browserVersion: 126.0.6478.127, chrome: {chromedriverVersion: 126.0.6478.126 (d36ace6122e..., userDataDir: C:\Users\Marcus\AppData\Loc...}, fedcm:accounts: true, goog:chromeOptions: {debuggerAddress: localhost:56327}, networkConnectionEnabled: false, pageLoadStrategy: normal, platformName: windows, proxy: Proxy(), se:cdp: ws://localhost:56327/devtoo..., se:cdpVersion: 126.0.6478.127, setWindowRect: true, strictFileInteractability: false, timeouts: {implicit: 0, pageLoad: 300000, script: 30000}, unhandledPromptBehavior: dismiss and notify, webauthn:extension:credBlob: true, webauthn:extension:largeBlob: true, webauthn:extension:minPinLength: true, webauthn:extension:prf: true, webauthn:virtualAuthenticators: true}
Session ID: 818d58c1fc8c42ebac23bdca009ebe9a
	at org.openqa.selenium.support.ui.WebDriverWait.timeoutException(WebDriverWait.java:84)
	at org.openqa.selenium.support.ui.FluentWait.until(FluentWait.java:228)
	at stepDefinitions.AllTests.role_is_edited(AllTests.java:291)
	at ✽.Role is edited(file:///C:/Users/Marcus/Desktop/SUMMER%202024/SENG%20426/crypto-testing/src/test/java/features/AllTests.feature:37)

]]></system-out>
    <system-err><![CDATA[Jun 27, 2024 5:36:44 P.M. org.openqa.selenium.devtools.CdpVersionFinder findNearestMatch
WARNING: Unable to find an exact match for CDP version 126, returning the closest version; found: 125; Please update to a Selenium version that supports CDP version 126
]]></system-err>
  </testcase>
  <testcase name="runScenario[&quot;User views admin-uploaded file&quot;, &quot;All Tests&quot;](7)" classname="cuccumbersOptions.TestNGRunner" time="35.789">
    <system-out><![CDATA[
Scenario: User views admin-uploaded file # src/test/java/features/AllTests.feature:39
17:37:19.623 [main] DEBUG io.github.bonigarcia.wdm.WebDriverManager -- Using WebDriverManager 5.8.0
17:37:19.640 [main] DEBUG io.github.bonigarcia.wdm.cache.ResolutionCache -- Resolution chrome=126 in cache (valid until 17:47:12 27/06/2024 PDT)
17:37:19.641 [main] DEBUG io.github.bonigarcia.wdm.cache.ResolutionCache -- Resolution chrome126=126.0.6478.126 in cache (valid until 16:25:31 28/06/2024 PDT)
17:37:19.641 [main] INFO io.github.bonigarcia.wdm.WebDriverManager -- Using chromedriver 126.0.6478.126 (resolved driver for Chrome 126)
17:37:19.656 [main] DEBUG io.github.bonigarcia.wdm.WebDriverManager -- Driver chromedriver 126.0.6478.126 found in cache
17:37:19.657 [main] INFO io.github.bonigarcia.wdm.WebDriverManager -- Exporting webdriver.chrome.driver as C:\Users\Marcus\.cache\selenium\chromedriver\win64\126.0.6478.126\chromedriver.exe
  Given User visits home page            # stepDefinitions.AllTests.user_visits_homepage()
  When User logs in                      # stepDefinitions.AllTests.user_logs_in()
Admin module not present for user
  Then User cannot click admin panel     # stepDefinitions.AllTests.user_cannot_click_admin_panel()
]]></system-out>
    <system-err><![CDATA[Jun 27, 2024 5:37:20 P.M. org.openqa.selenium.devtools.CdpVersionFinder findNearestMatch
WARNING: Unable to find an exact match for CDP version 126, returning the closest version; found: 125; Please update to a Selenium version that supports CDP version 126
]]></system-err>
  </testcase>
  <testcase name="runScenario[&quot;User encrypts file&quot;, &quot;All Tests&quot;](8)" classname="cuccumbersOptions.TestNGRunner" time="11.594">
    <failure message="element click intercepted: Element &lt;button type=&quot;button&quot; pripple=&quot;&quot; class=&quot;p-ripple p-element p-toast-icon-close p-link ng-tns-c53-2 ng-star-inserted&quot; style=&quot;&quot;&gt;...&lt;/button&gt; is not clickable at point (1305, 52). Other element would receive the click: &lt;div _ngcontent-wia-c55=&quot;&quot; class=&quot;ngx-spinner-overlay ng-tns-c55-3 ng-trigger ng-trigger-fadeIn ng-star-inserted ng-animating&quot; style=&quot;background-color: rgba(51, 51, 51, 0.8); z-index: 99999; position: fixed;&quot;&gt;...&lt;/div&gt;&#10;  (Session info: chrome=126.0.6478.127)&#10;Build info: version: &apos;4.21.0&apos;, revision: &apos;79ed462ef4&apos;&#10;System info: os.name: &apos;Windows 10&apos;, os.arch: &apos;amd64&apos;, os.version: &apos;10.0&apos;, java.version: &apos;21.0.2&apos;&#10;Driver info: org.openqa.selenium.chrome.ChromeDriver&#10;Command: [02aab4c46256171730c63307a4ab9897, clickElement {id=f.DEF0939894303963A3CB59B37B8314C1.d.3A94E614565E2987FD32D0043CE3482A.e.85}]&#10;Capabilities {acceptInsecureCerts: false, browserName: chrome, browserVersion: 126.0.6478.127, chrome: {chromedriverVersion: 126.0.6478.126 (d36ace6122e..., userDataDir: C:\Users\Marcus\AppData\Loc...}, fedcm:accounts: true, goog:chromeOptions: {debuggerAddress: localhost:56498}, networkConnectionEnabled: false, pageLoadStrategy: normal, platformName: windows, proxy: Proxy(), se:cdp: ws://localhost:56498/devtoo..., se:cdpVersion: 126.0.6478.127, setWindowRect: true, strictFileInteractability: false, timeouts: {implicit: 0, pageLoad: 300000, script: 30000}, unhandledPromptBehavior: dismiss and notify, webauthn:extension:credBlob: true, webauthn:extension:largeBlob: true, webauthn:extension:minPinLength: true, webauthn:extension:prf: true, webauthn:virtualAuthenticators: true}&#10;Element: [[ChromeDriver: chrome on windows (02aab4c46256171730c63307a4ab9897)] -&gt; css selector: .p-ripple]&#10;Session ID: 02aab4c46256171730c63307a4ab9897" type="org.openqa.selenium.ElementClickInterceptedException"><![CDATA[org.openqa.selenium.ElementClickInterceptedException: 
element click intercepted: Element <button type="button" pripple="" class="p-ripple p-element p-toast-icon-close p-link ng-tns-c53-2 ng-star-inserted" style="">...</button> is not clickable at point (1305, 52). Other element would receive the click: <div _ngcontent-wia-c55="" class="ngx-spinner-overlay ng-tns-c55-3 ng-trigger ng-trigger-fadeIn ng-star-inserted ng-animating" style="background-color: rgba(51, 51, 51, 0.8); z-index: 99999; position: fixed;">...</div>
  (Session info: chrome=126.0.6478.127)
Build info: version: '4.21.0', revision: '79ed462ef4'
System info: os.name: 'Windows 10', os.arch: 'amd64', os.version: '10.0', java.version: '21.0.2'
Driver info: org.openqa.selenium.chrome.ChromeDriver
Command: [02aab4c46256171730c63307a4ab9897, clickElement {id=f.DEF0939894303963A3CB59B37B8314C1.d.3A94E614565E2987FD32D0043CE3482A.e.85}]
Capabilities {acceptInsecureCerts: false, browserName: chrome, browserVersion: 126.0.6478.127, chrome: {chromedriverVersion: 126.0.6478.126 (d36ace6122e..., userDataDir: C:\Users\Marcus\AppData\Loc...}, fedcm:accounts: true, goog:chromeOptions: {debuggerAddress: localhost:56498}, networkConnectionEnabled: false, pageLoadStrategy: normal, platformName: windows, proxy: Proxy(), se:cdp: ws://localhost:56498/devtoo..., se:cdpVersion: 126.0.6478.127, setWindowRect: true, strictFileInteractability: false, timeouts: {implicit: 0, pageLoad: 300000, script: 30000}, unhandledPromptBehavior: dismiss and notify, webauthn:extension:credBlob: true, webauthn:extension:largeBlob: true, webauthn:extension:minPinLength: true, webauthn:extension:prf: true, webauthn:virtualAuthenticators: true}
Element: [[ChromeDriver: chrome on windows (02aab4c46256171730c63307a4ab9897)] -> css selector: .p-ripple]
Session ID: 02aab4c46256171730c63307a4ab9897
	at java.base/jdk.internal.reflect.DirectConstructorHandleAccessor.newInstance(DirectConstructorHandleAccessor.java:62)
	at java.base/java.lang.reflect.Constructor.newInstanceWithCaller(Constructor.java:502)
	at java.base/java.lang.reflect.Constructor.newInstance(Constructor.java:486)
	at org.openqa.selenium.remote.ErrorCodec.decode(ErrorCodec.java:167)
	at org.openqa.selenium.remote.codec.w3c.W3CHttpResponseCodec.decode(W3CHttpResponseCodec.java:138)
	at org.openqa.selenium.remote.codec.w3c.W3CHttpResponseCodec.decode(W3CHttpResponseCodec.java:50)
	at org.openqa.selenium.remote.HttpCommandExecutor.execute(HttpCommandExecutor.java:190)
	at org.openqa.selenium.remote.service.DriverCommandExecutor.invokeExecute(DriverCommandExecutor.java:216)
	at org.openqa.selenium.remote.service.DriverCommandExecutor.execute(DriverCommandExecutor.java:174)
	at org.openqa.selenium.remote.RemoteWebDriver.execute(RemoteWebDriver.java:518)
	at org.openqa.selenium.remote.RemoteWebElement.execute(RemoteWebElement.java:223)
	at org.openqa.selenium.remote.RemoteWebElement.click(RemoteWebElement.java:76)
	at stepDefinitions.AllTests.user_uploads_unencrypted_file(AllTests.java:370)
	at ✽.User uploads unencrypted file(file:///C:/Users/Marcus/Desktop/SUMMER%202024/SENG%20426/crypto-testing/src/test/java/features/AllTests.feature:48)
]]></failure>
    <system-out><![CDATA[
Scenario: User encrypts file              # src/test/java/features/AllTests.feature:44
17:37:55.413 [main] DEBUG io.github.bonigarcia.wdm.WebDriverManager -- Using WebDriverManager 5.8.0
17:37:55.428 [main] DEBUG io.github.bonigarcia.wdm.cache.ResolutionCache -- Resolution chrome=126 in cache (valid until 17:47:12 27/06/2024 PDT)
17:37:55.430 [main] DEBUG io.github.bonigarcia.wdm.cache.ResolutionCache -- Resolution chrome126=126.0.6478.126 in cache (valid until 16:25:31 28/06/2024 PDT)
17:37:55.430 [main] INFO io.github.bonigarcia.wdm.WebDriverManager -- Using chromedriver 126.0.6478.126 (resolved driver for Chrome 126)
17:37:55.440 [main] DEBUG io.github.bonigarcia.wdm.WebDriverManager -- Driver chromedriver 126.0.6478.126 found in cache
17:37:55.442 [main] INFO io.github.bonigarcia.wdm.WebDriverManager -- Exporting webdriver.chrome.driver as C:\Users\Marcus\.cache\selenium\chromedriver\win64\126.0.6478.126\chromedriver.exe
  Given User visits home page             # stepDefinitions.AllTests.user_visits_homepage()
  When Employee logs in                   # stepDefinitions.AllTests.employee_logs_in()
  When User selects encryption            # stepDefinitions.AllTests.user_selects_encryption()
  When User uploads unencrypted file      # stepDefinitions.AllTests.user_uploads_unencrypted_file()
      org.openqa.selenium.ElementClickInterceptedException: element click intercepted: Element <button type="button" pripple="" class="p-ripple p-element p-toast-icon-close p-link ng-tns-c53-2 ng-star-inserted" style="">...</button> is not clickable at point (1305, 52). Other element would receive the click: <div _ngcontent-wia-c55="" class="ngx-spinner-overlay ng-tns-c55-3 ng-trigger ng-trigger-fadeIn ng-star-inserted ng-animating" style="background-color: rgba(51, 51, 51, 0.8); z-index: 99999; position: fixed;">...</div>
  (Session info: chrome=126.0.6478.127)
Build info: version: '4.21.0', revision: '79ed462ef4'
System info: os.name: 'Windows 10', os.arch: 'amd64', os.version: '10.0', java.version: '21.0.2'
Driver info: org.openqa.selenium.chrome.ChromeDriver
Command: [02aab4c46256171730c63307a4ab9897, clickElement {id=f.DEF0939894303963A3CB59B37B8314C1.d.3A94E614565E2987FD32D0043CE3482A.e.85}]
Capabilities {acceptInsecureCerts: false, browserName: chrome, browserVersion: 126.0.6478.127, chrome: {chromedriverVersion: 126.0.6478.126 (d36ace6122e..., userDataDir: C:\Users\Marcus\AppData\Loc...}, fedcm:accounts: true, goog:chromeOptions: {debuggerAddress: localhost:56498}, networkConnectionEnabled: false, pageLoadStrategy: normal, platformName: windows, proxy: Proxy(), se:cdp: ws://localhost:56498/devtoo..., se:cdpVersion: 126.0.6478.127, setWindowRect: true, strictFileInteractability: false, timeouts: {implicit: 0, pageLoad: 300000, script: 30000}, unhandledPromptBehavior: dismiss and notify, webauthn:extension:credBlob: true, webauthn:extension:largeBlob: true, webauthn:extension:minPinLength: true, webauthn:extension:prf: true, webauthn:virtualAuthenticators: true}
Element: [[ChromeDriver: chrome on windows (02aab4c46256171730c63307a4ab9897)] -> css selector: .p-ripple]
Session ID: 02aab4c46256171730c63307a4ab9897
	at java.base/jdk.internal.reflect.DirectConstructorHandleAccessor.newInstance(DirectConstructorHandleAccessor.java:62)
	at java.base/java.lang.reflect.Constructor.newInstanceWithCaller(Constructor.java:502)
	at java.base/java.lang.reflect.Constructor.newInstance(Constructor.java:486)
	at org.openqa.selenium.remote.ErrorCodec.decode(ErrorCodec.java:167)
	at org.openqa.selenium.remote.codec.w3c.W3CHttpResponseCodec.decode(W3CHttpResponseCodec.java:138)
	at org.openqa.selenium.remote.codec.w3c.W3CHttpResponseCodec.decode(W3CHttpResponseCodec.java:50)
	at org.openqa.selenium.remote.HttpCommandExecutor.execute(HttpCommandExecutor.java:190)
	at org.openqa.selenium.remote.service.DriverCommandExecutor.invokeExecute(DriverCommandExecutor.java:216)
	at org.openqa.selenium.remote.service.DriverCommandExecutor.execute(DriverCommandExecutor.java:174)
	at org.openqa.selenium.remote.RemoteWebDriver.execute(RemoteWebDriver.java:518)
	at org.openqa.selenium.remote.RemoteWebElement.execute(RemoteWebElement.java:223)
	at org.openqa.selenium.remote.RemoteWebElement.click(RemoteWebElement.java:76)
	at stepDefinitions.AllTests.user_uploads_unencrypted_file(AllTests.java:370)
	at ✽.User uploads unencrypted file(file:///C:/Users/Marcus/Desktop/SUMMER%202024/SENG%20426/crypto-testing/src/test/java/features/AllTests.feature:48)

  When User enters correct encryption key # stepDefinitions.AllTests.user_enters_correct_encryption_key()
  Then User can encrypt file              # stepDefinitions.AllTests.user_can_encrypt_file()
]]></system-out>
    <system-err><![CDATA[Jun 27, 2024 5:37:56 P.M. org.openqa.selenium.devtools.CdpVersionFinder findNearestMatch
WARNING: Unable to find an exact match for CDP version 126, returning the closest version; found: 125; Please update to a Selenium version that supports CDP version 126
]]></system-err>
  </testcase>
  <testcase name="runScenario[&quot;User decrypts file&quot;, &quot;All Tests&quot;](9)" classname="cuccumbersOptions.TestNGRunner" time="8.636">
    <failure message="expected [true] but found [false]" type="java.lang.AssertionError"><![CDATA[java.lang.AssertionError: expected [true] but found [false]
	at org.testng.Assert.fail(Assert.java:111)
	at org.testng.Assert.failNotEquals(Assert.java:1578)
	at org.testng.Assert.assertTrue(Assert.java:57)
	at org.testng.Assert.assertTrue(Assert.java:67)
	at stepDefinitions.AllTests.user_can_decrypt_file(AllTests.java:456)
	at ✽.User can decrypt file(file:///C:/Users/Marcus/Desktop/SUMMER%202024/SENG%20426/crypto-testing/src/test/java/features/AllTests.feature:58)
]]></failure>
    <system-out><![CDATA[
Scenario: User decrypts file              # src/test/java/features/AllTests.feature:52
17:38:07.007 [main] DEBUG io.github.bonigarcia.wdm.WebDriverManager -- Using WebDriverManager 5.8.0
17:38:07.022 [main] DEBUG io.github.bonigarcia.wdm.cache.ResolutionCache -- Resolution chrome=126 in cache (valid until 17:47:12 27/06/2024 PDT)
17:38:07.023 [main] DEBUG io.github.bonigarcia.wdm.cache.ResolutionCache -- Resolution chrome126=126.0.6478.126 in cache (valid until 16:25:31 28/06/2024 PDT)
17:38:07.023 [main] INFO io.github.bonigarcia.wdm.WebDriverManager -- Using chromedriver 126.0.6478.126 (resolved driver for Chrome 126)
17:38:07.032 [main] DEBUG io.github.bonigarcia.wdm.WebDriverManager -- Driver chromedriver 126.0.6478.126 found in cache
17:38:07.032 [main] INFO io.github.bonigarcia.wdm.WebDriverManager -- Exporting webdriver.chrome.driver as C:\Users\Marcus\.cache\selenium\chromedriver\win64\126.0.6478.126\chromedriver.exe
  Given User visits home page             # stepDefinitions.AllTests.user_visits_homepage()
  When Employee logs in                   # stepDefinitions.AllTests.employee_logs_in()
  When User selects decryption            # stepDefinitions.AllTests.user_selects_decryption()
  When User uploads encrypted file        # stepDefinitions.AllTests.user_uploads_encrypted_file()
  When User enters correct decryption key # stepDefinitions.AllTests.user_enters_correct_decryption_key()
  Then User can decrypt file              # stepDefinitions.AllTests.user_can_decrypt_file()
      java.lang.AssertionError: expected [true] but found [false]
	at org.testng.Assert.fail(Assert.java:111)
	at org.testng.Assert.failNotEquals(Assert.java:1578)
	at org.testng.Assert.assertTrue(Assert.java:57)
	at org.testng.Assert.assertTrue(Assert.java:67)
	at stepDefinitions.AllTests.user_can_decrypt_file(AllTests.java:456)
	at ✽.User can decrypt file(file:///C:/Users/Marcus/Desktop/SUMMER%202024/SENG%20426/crypto-testing/src/test/java/features/AllTests.feature:58)

]]></system-out>
    <system-err><![CDATA[Jun 27, 2024 5:38:08 P.M. org.openqa.selenium.devtools.CdpVersionFinder findNearestMatch
WARNING: Unable to find an exact match for CDP version 126, returning the closest version; found: 125; Please update to a Selenium version that supports CDP version 126
]]></system-err>
  </testcase>
  <testcase name="runScenario[&quot;User encrypts file with incorrect key&quot;, &quot;All Tests&quot;](10)" classname="cuccumbersOptions.TestNGRunner" time="8.129">
    <system-out><![CDATA[
Scenario: User encrypts file with incorrect key # src/test/java/features/AllTests.feature:60
17:38:15.647 [main] DEBUG io.github.bonigarcia.wdm.WebDriverManager -- Using WebDriverManager 5.8.0
17:38:15.661 [main] DEBUG io.github.bonigarcia.wdm.cache.ResolutionCache -- Resolution chrome=126 in cache (valid until 17:47:12 27/06/2024 PDT)
17:38:15.662 [main] DEBUG io.github.bonigarcia.wdm.cache.ResolutionCache -- Resolution chrome126=126.0.6478.126 in cache (valid until 16:25:31 28/06/2024 PDT)
17:38:15.662 [main] INFO io.github.bonigarcia.wdm.WebDriverManager -- Using chromedriver 126.0.6478.126 (resolved driver for Chrome 126)
17:38:15.669 [main] DEBUG io.github.bonigarcia.wdm.WebDriverManager -- Driver chromedriver 126.0.6478.126 found in cache
17:38:15.670 [main] INFO io.github.bonigarcia.wdm.WebDriverManager -- Exporting webdriver.chrome.driver as C:\Users\Marcus\.cache\selenium\chromedriver\win64\126.0.6478.126\chromedriver.exe
  Given User visits home page                   # stepDefinitions.AllTests.user_visits_homepage()
  When Employee logs in                         # stepDefinitions.AllTests.employee_logs_in()
  When User selects encryption                  # stepDefinitions.AllTests.user_selects_encryption()
  When User uploads unencrypted file            # stepDefinitions.AllTests.user_uploads_unencrypted_file()
  When User enters incorrect encryption key     # stepDefinitions.AllTests.user_enters_incorrect_encryption_key()
  Then User cannot encrypt file                 # stepDefinitions.AllTests.user_cannot_encrypt_file()
]]></system-out>
    <system-err><![CDATA[Jun 27, 2024 5:38:17 P.M. org.openqa.selenium.devtools.CdpVersionFinder findNearestMatch
WARNING: Unable to find an exact match for CDP version 126, returning the closest version; found: 125; Please update to a Selenium version that supports CDP version 126
]]></system-err>
  </testcase>
  <testcase name="runScenario[&quot;Admin views admin-uploaded file&quot;, &quot;All Tests&quot;](11)" classname="cuccumbersOptions.TestNGRunner" time="6.298">
    <system-out><![CDATA[
Scenario: Admin views admin-uploaded file    # src/test/java/features/AllTests.feature:68
17:38:23.776 [main] DEBUG io.github.bonigarcia.wdm.WebDriverManager -- Using WebDriverManager 5.8.0
17:38:23.800 [main] DEBUG io.github.bonigarcia.wdm.cache.ResolutionCache -- Resolution chrome=126 in cache (valid until 17:47:12 27/06/2024 PDT)
17:38:23.802 [main] DEBUG io.github.bonigarcia.wdm.cache.ResolutionCache -- Resolution chrome126=126.0.6478.126 in cache (valid until 16:25:31 28/06/2024 PDT)
17:38:23.802 [main] INFO io.github.bonigarcia.wdm.WebDriverManager -- Using chromedriver 126.0.6478.126 (resolved driver for Chrome 126)
17:38:23.813 [main] DEBUG io.github.bonigarcia.wdm.WebDriverManager -- Driver chromedriver 126.0.6478.126 found in cache
17:38:23.814 [main] INFO io.github.bonigarcia.wdm.WebDriverManager -- Exporting webdriver.chrome.driver as C:\Users\Marcus\.cache\selenium\chromedriver\win64\126.0.6478.126\chromedriver.exe
  Given Admin visits home page to log in     # stepDefinitions.AllTests.admin_visits_on_the_homepage()
  When Admin logs in                         # stepDefinitions.AllTests.admin_logs_in()
  When Admin panel Resources tab is selected # stepDefinitions.AllTests.admin_panel_resources_tab_is_selected()
  Then Admin-uploaded files are visible      # stepDefinitions.AllTests.admin_uploaded_files_are_visible()
]]></system-out>
    <system-err><![CDATA[Jun 27, 2024 5:38:25 P.M. org.openqa.selenium.devtools.CdpVersionFinder findNearestMatch
WARNING: Unable to find an exact match for CDP version 126, returning the closest version; found: 125; Please update to a Selenium version that supports CDP version 126
]]></system-err>
  </testcase>
  <testcase name="runScenario[&quot;Employee views admin-uploaded file&quot;, &quot;All Tests&quot;](12)" classname="cuccumbersOptions.TestNGRunner" time="35.427">
    <failure message="Expected condition failed: waiting for element to be clickable: By.cssSelector: div #collapsibleNavId ul li:nth-child(8) a (tried for 30 second(s) with 500 milliseconds interval)&#10;Build info: version: &apos;4.21.0&apos;, revision: &apos;79ed462ef4&apos;&#10;System info: os.name: &apos;Windows 10&apos;, os.arch: &apos;amd64&apos;, os.version: &apos;10.0&apos;, java.version: &apos;21.0.2&apos;&#10;Driver info: org.openqa.selenium.chrome.ChromeDriver&#10;Capabilities {acceptInsecureCerts: false, browserName: chrome, browserVersion: 126.0.6478.127, chrome: {chromedriverVersion: 126.0.6478.126 (d36ace6122e..., userDataDir: C:\Users\Marcus\AppData\Loc...}, fedcm:accounts: true, goog:chromeOptions: {debuggerAddress: localhost:56622}, networkConnectionEnabled: false, pageLoadStrategy: normal, platformName: windows, proxy: Proxy(), se:cdp: ws://localhost:56622/devtoo..., se:cdpVersion: 126.0.6478.127, setWindowRect: true, strictFileInteractability: false, timeouts: {implicit: 0, pageLoad: 300000, script: 30000}, unhandledPromptBehavior: dismiss and notify, webauthn:extension:credBlob: true, webauthn:extension:largeBlob: true, webauthn:extension:minPinLength: true, webauthn:extension:prf: true, webauthn:virtualAuthenticators: true}&#10;Session ID: 0d506b4ae8390216eabe93e9e396a122" type="org.openqa.selenium.TimeoutException"><![CDATA[org.openqa.selenium.TimeoutException: 
Expected condition failed: waiting for element to be clickable: By.cssSelector: div #collapsibleNavId ul li:nth-child(8) a (tried for 30 second(s) with 500 milliseconds interval)
Build info: version: '4.21.0', revision: '79ed462ef4'
System info: os.name: 'Windows 10', os.arch: 'amd64', os.version: '10.0', java.version: '21.0.2'
Driver info: org.openqa.selenium.chrome.ChromeDriver
Capabilities {acceptInsecureCerts: false, browserName: chrome, browserVersion: 126.0.6478.127, chrome: {chromedriverVersion: 126.0.6478.126 (d36ace6122e..., userDataDir: C:\Users\Marcus\AppData\Loc...}, fedcm:accounts: true, goog:chromeOptions: {debuggerAddress: localhost:56622}, networkConnectionEnabled: false, pageLoadStrategy: normal, platformName: windows, proxy: Proxy(), se:cdp: ws://localhost:56622/devtoo..., se:cdpVersion: 126.0.6478.127, setWindowRect: true, strictFileInteractability: false, timeouts: {implicit: 0, pageLoad: 300000, script: 30000}, unhandledPromptBehavior: dismiss and notify, webauthn:extension:credBlob: true, webauthn:extension:largeBlob: true, webauthn:extension:minPinLength: true, webauthn:extension:prf: true, webauthn:virtualAuthenticators: true}
Session ID: 0d506b4ae8390216eabe93e9e396a122
	at org.openqa.selenium.support.ui.WebDriverWait.timeoutException(WebDriverWait.java:84)
	at org.openqa.selenium.support.ui.FluentWait.until(FluentWait.java:228)
	at stepDefinitions.AllTests.admin_panel_resources_tab_is_selected(AllTests.java:351)
	at ✽.Admin panel Resources tab is selected(file:///C:/Users/Marcus/Desktop/SUMMER%202024/SENG%20426/crypto-testing/src/test/java/features/AllTests.feature:77)
]]></failure>
    <system-out><![CDATA[
Scenario: Employee views admin-uploaded file # src/test/java/features/AllTests.feature:74
17:38:30.075 [main] DEBUG io.github.bonigarcia.wdm.WebDriverManager -- Using WebDriverManager 5.8.0
17:38:30.096 [main] DEBUG io.github.bonigarcia.wdm.cache.ResolutionCache -- Resolution chrome=126 in cache (valid until 17:47:12 27/06/2024 PDT)
17:38:30.097 [main] DEBUG io.github.bonigarcia.wdm.cache.ResolutionCache -- Resolution chrome126=126.0.6478.126 in cache (valid until 16:25:31 28/06/2024 PDT)
17:38:30.097 [main] INFO io.github.bonigarcia.wdm.WebDriverManager -- Using chromedriver 126.0.6478.126 (resolved driver for Chrome 126)
17:38:30.106 [main] DEBUG io.github.bonigarcia.wdm.WebDriverManager -- Driver chromedriver 126.0.6478.126 found in cache
17:38:30.107 [main] INFO io.github.bonigarcia.wdm.WebDriverManager -- Exporting webdriver.chrome.driver as C:\Users\Marcus\.cache\selenium\chromedriver\win64\126.0.6478.126\chromedriver.exe
  Given User visits home page                # stepDefinitions.AllTests.user_visits_homepage()
  When Employee logs in                      # stepDefinitions.AllTests.employee_logs_in()
  When Admin panel Resources tab is selected # stepDefinitions.AllTests.admin_panel_resources_tab_is_selected()
      org.openqa.selenium.TimeoutException: Expected condition failed: waiting for element to be clickable: By.cssSelector: div #collapsibleNavId ul li:nth-child(8) a (tried for 30 second(s) with 500 milliseconds interval)
Build info: version: '4.21.0', revision: '79ed462ef4'
System info: os.name: 'Windows 10', os.arch: 'amd64', os.version: '10.0', java.version: '21.0.2'
Driver info: org.openqa.selenium.chrome.ChromeDriver
Capabilities {acceptInsecureCerts: false, browserName: chrome, browserVersion: 126.0.6478.127, chrome: {chromedriverVersion: 126.0.6478.126 (d36ace6122e..., userDataDir: C:\Users\Marcus\AppData\Loc...}, fedcm:accounts: true, goog:chromeOptions: {debuggerAddress: localhost:56622}, networkConnectionEnabled: false, pageLoadStrategy: normal, platformName: windows, proxy: Proxy(), se:cdp: ws://localhost:56622/devtoo..., se:cdpVersion: 126.0.6478.127, setWindowRect: true, strictFileInteractability: false, timeouts: {implicit: 0, pageLoad: 300000, script: 30000}, unhandledPromptBehavior: dismiss and notify, webauthn:extension:credBlob: true, webauthn:extension:largeBlob: true, webauthn:extension:minPinLength: true, webauthn:extension:prf: true, webauthn:virtualAuthenticators: true}
Session ID: 0d506b4ae8390216eabe93e9e396a122
	at org.openqa.selenium.support.ui.WebDriverWait.timeoutException(WebDriverWait.java:84)
	at org.openqa.selenium.support.ui.FluentWait.until(FluentWait.java:228)
	at stepDefinitions.AllTests.admin_panel_resources_tab_is_selected(AllTests.java:351)
	at ✽.Admin panel Resources tab is selected(file:///C:/Users/Marcus/Desktop/SUMMER%202024/SENG%20426/crypto-testing/src/test/java/features/AllTests.feature:77)

  Then Admin-uploaded files are visible      # stepDefinitions.AllTests.admin_uploaded_files_are_visible()
]]></system-out>
    <system-err><![CDATA[Jun 27, 2024 5:38:31 P.M. org.openqa.selenium.devtools.CdpVersionFinder findNearestMatch
WARNING: Unable to find an exact match for CDP version 126, returning the closest version; found: 125; Please update to a Selenium version that supports CDP version 126
]]></system-err>
  </testcase>
</testsuite>